









<!DOCTYPE html>
<html>
<head>
	<meta charset='utf-8' /> 
	<meta name='description' content='' />
	<meta name='robots' content='noodp, noydir' />
	<meta name='viewport' content='width=device-width, initial-scale=1' />
	<meta id="timeStampFormat" name="timeStampFormat" content='MMM d, yyyy hh:mm:ss a'/>
	
        <link href='https://fonts.googleapis.com/css?family=Source+Sans+Pro:400,600' rel='stylesheet' type='text/css' />
        <link href="https://fonts.googleapis.com/icon?family=Material+Icons" rel="stylesheet" />
        <link href='https://cdn.jsdelivr.net/gh/extent-framework/extent-github-cdn@ff53917fbbdb5ef820abbbe4d199a6942dc771ff/v3html/css/extent.css' type='text/css' rel='stylesheet' />
	
	<title>ExtentReports</title>

	<style type='text/css'>
		/* json-tree */
		.jstBracket,.jstComma,.jstValue{white-space:pre-wrap}.jstValue{font-size:10px;font-weight:400;font-family:"Lucida Console",Monaco,monospace}.jstProperty{color:#666;word-wrap:break-word}.jstBool{color:#2525CC}.jstNum{color:#D036D0}.jstNull{color:gray}.jstStr{color:#2DB669}.jstFold:after{content:' -';cursor:pointer}.jstExpand{white-space:normal}.jstExpand:after{content:' +';cursor:pointer}.jstFolded{white-space:normal!important}.jstHiddenBlock{display:none}
	</style>
	
	<script type="text/javascript">
		/*! json-tree - v0.2.2 - 2017-09-25, MIT LICENSE */
		var JSONTree=function(){var n={"&":"&amp;","<":"&lt;",">":"&gt;",'"':"&quot;","'":"&#x27;","/":"&#x2F;"},t=0,r=0;this.create=function(n,t){return r+=1,N(u(n,0,!1),{class:"jstValue"})};var e=function(t){return t.replace(/[&<>'"]/g,function(t){return n[t]})},s=function(){return r+"_"+t++},u=function(n,t,r){if(null===n)return f(r?t:0);switch(typeof n){case"boolean":return l(n,r?t:0);case"number":return i(n,r?t:0);case"string":return o(n,r?t:0);default:return n instanceof Array?a(n,t,r):c(n,t,r)}},c=function(n,t,r){var e=s(),u=Object.keys(n).map(function(r){return j(r,n[r],t+1,!0)}).join(m()),c=[g("{",r?t:0,e),N(u,{id:e}),p("}",t)].join("\n");return N(c,{})},a=function(n,t,r){var e=s(),c=n.map(function(n){return u(n,t+1,!0)}).join(m());return[g("[",r?t:0,e),N(c,{id:e}),p("]",t)].join("\n")},o=function(n,t){var r=e(JSON.stringify(n));return N(v(r,t),{class:"jstStr"})},i=function(n,t){return N(v(n,t),{class:"jstNum"})},l=function(n,t){return N(v(n,t),{class:"jstBool"})},f=function(n){return N(v("null",n),{class:"jstNull"})},j=function(n,t,r){var s=v(e(JSON.stringify(n))+": ",r),c=N(u(t,r,!1),{});return N(s+c,{class:"jstProperty"})},m=function(){return N(",\n",{class:"jstComma"})},N=function(n,t){return d("span",t,n)},d=function(n,t,r){return"<"+n+Object.keys(t).map(function(n){return" "+n+'="'+t[n]+'"'}).join("")+">"+r+"</"+n+">"},g=function(n,t,r){return N(v(n,t),{class:"jstBracket"})+N("",{class:"jstFold",onclick:"JSONTree.toggle('"+r+"')"})};this.toggle=function(n){var t=document.getElementById(n),r=t.parentNode,e=t.previousElementSibling;""===t.className?(t.className="jstHiddenBlock",r.className="jstFolded",e.className="jstExpand"):(t.className="",r.className="",e.className="jstFold")};var p=function(n,t){return N(v(n,t),{})},v=function(n,t){return Array(2*t+1).join(" ")+n};return this}();
	</script>
</head>
	<body class='extent standard default hide-overflow bdd-report'>
		<div id='theme-selector' alt='Click to toggle theme. To enable by default, use theme configuration.' title='Click to toggle theme. To enable by default, use theme configuration.'>
			<span><i class='material-icons'>desktop_windows</i></span>
		</div>
<nav>
	<div class="nav-wrapper">
		<a href="#!" class="brand-logo black"><img src="https://cdn.rawgit.com/extent-framework/extent-github-cdn/d74480e/commons/img/logo.png"></a>
		<!-- slideout menu -->
		<ul id='slide-out' class='side-nav fixed hide-on-med-and-down'>
			<li class='waves-effect active'><a href='#!' view='test-view' onclick="configureView(0);chartsView('test');"><i class='material-icons'>dashboard</i></a></li>
						<li class='waves-effect'><a href='#!' view='category-view' onclick="configureView(1)"><i class='material-icons'>label_outline</i></a></li>
			<li class='waves-effect'><a href='#!' view='exception-view' onclick="configureView(2)"><i class='material-icons'>bug_report</i></a></li>
			<li class='waves-effect'><a href='#!' onclick="configureView(-1);chartsView('dashboard');" view='dashboard-view'><i class='material-icons'>track_changes</i></a></li>
		</ul>
		<!-- report name -->
		<span class='report-name'>ExtentReports</span>
		<!-- report headline -->
		<span class='report-headline'></span>
		<!-- nav-right -->
		<ul id='nav-mobile' class='right hide-on-med-and-down nav-right'>
			<a href='#!'>
			<span class='label blue darken-3 suite-start-time'>Jul 26, 2021 02:01:14 PM</span>
			</a>
		</ul>
	</div>
</nav>		<!-- container -->
		<div class='container'>
<div id='test-view' class='view'>
	<section id='controls'>
		<div class='controls grey lighten-4'>
			<!-- test toggle -->
			<div class='chip transparent'>
				<a class='dropdown-button tests-toggle' data-activates='tests-toggle' data-constrainwidth='true' data-beloworigin='true' data-hover='true' href='#'>
				<i class='material-icons'>warning</i> Status
				</a>
				<ul id='tests-toggle' class='dropdown-content'>
										<li status='pass'><a href='#!'>Pass <i class='material-icons green-text'>check_circle</i></a></li>
					<li status='fail'><a href='#!'>Fail <i class='material-icons red-text'>cancel</i></a></li>
					<li status='skip'><a href='#!'>Skip <i class='material-icons cyan-text'>redo</i></a></li>
					<li class='divider'></li>
					<li status='clear' clear='true'><a href='#!'>Clear Filters <i class='material-icons'>clear</i></a></li>
				</ul>
			</div>
			<!-- test toggle -->
			<!-- category toggle -->
			<div class='chip transparent'>
				<a class='dropdown-button category-toggle' data-activates='category-toggle' data-constrainwidth='false' data-beloworigin='true' data-hover='true' href='#'>
				<i class='material-icons'>local_offer</i> Category
				</a>
				<ul id='category-toggle' class='dropdown-content'>
					<li><a href='#'>@Write-Off</a></li>
					<li><a href='#'>@Agent-Appointment</a></li>
					<li><a href='#'>@Lien-Imposition</a></li>
					<li><a href='#'>@Distraint-Action</a></li>
					<li><a href='#'>@Distraint-Action-reject</a></li>
					<li><a href='#'>@Enforcement-Suspension</a></li>
					<li><a href='#'>@Legal-Action</a></li>
					<li><a href='#'>@Agent-Appointment-close</a></li>
					<li><a href='#'>@Verification_of_debt</a></li>
					<li><a href='#'>@SUC:08-01</a></li>
					<li><a href='#'>@UAT_M8-08-01-01</a></li>
					<li><a href='#'>@UAT_M8-08-01-02</a></li>
					<li class='divider'></li>
					<li class='clear'><a href='#!' clear='true'>Clear Filters</a></li>
				</ul>
			</div>
			<!-- category toggle -->
			<!-- clear filters -->
			<div class='chip transparent hide'>
				<a class='' id='clear-filters' alt='Clear Filters' title='Clear Filters'>
				<i class='material-icons'>close</i> Clear
				</a>
			</div>
			<!-- clear filters -->
			<!-- enable dashboard -->
			<div id='toggle-test-view-charts' class='chip transparent'>
				<a class='pink-text' id='enable-dashboard' alt='Enable Dashboard' title='Enable Dashboard'>
				<i class='material-icons'>track_changes</i> Dashboard
				</a>
			</div>
			<!-- enable dashboard -->
			<!-- search -->
			<div class='chip transparent' alt='Search Tests' title='Search Tests'>
				<a href="#" class='search-div'>
				<i class='material-icons'>search</i> Search
				</a>
				<div class='input-field left hide'>
					<input id='search-tests' type='text' class='validate browser-default' placeholder='Search Tests...'>
				</div>
			</div>
			<!-- search -->
		</div>
	</section>
<div id='test-view-charts' class='subview-full'>
    <div id='charts-row' class='row nm-v nm-h'>
        <div class='col s12 m4 l4 np-h'>
            <div class='card-panel nm-v'>
                <div class='left panel-name'>Features</div>
                <div class='chart-box' style="max-height:94px;">
                    <canvas id='parent-analysis' width='90' height='70'></canvas>
                </div>
                <div class='block text-small'>
                    <span class='tooltipped' data-position='top' data-tooltip='50%'><span class='strong'>1</span> feature(s) passed</span>
                </div>
                <div class='block text-small'>
                    <span class='strong tooltipped' data-position='top' data-tooltip='50%'>1</span> feature(s) failed, <span class='strong tooltipped' data-position='top' data-tooltip='0%'>0</span> skipped
                </div>
            </div>
        </div>
        <div class='col s12 m4 l4 np-h'>
            <div class='card-panel nm-v'>
                <div class='left panel-name'>Scenarios</div>
                <div class='chart-box' style="max-height:94px;">
                    <canvas id='child-analysis' width='90' height='70'></canvas>
                </div>
                <div class='block text-small'>
                    <span class='tooltipped' data-position='top' data-tooltip='12.5%'><span class='strong'>1</span> scenario(s) passed</span>
                </div>
                <div class='block text-small'>
                    <span class='strong tooltipped' data-position='top' data-tooltip='87.5%'>7</span> scenario(s) failed, 
                    <span class='strong tooltipped' data-position='top' data-tooltip='0%'>0</span> skipped, 
                    <span class='strong tooltipped' data-position='top' data-tooltip='0%'>0</span> others
                </div>
            </div>
        </div>
        <div class='col s12 m4 l4 np-h'>
            <div class='card-panel nm-v'>
                <div class='left panel-name'>Steps</div>
                <div class='chart-box' style="max-height:94px;">
                    <canvas id='grandchild-analysis' width='90' height='70'></canvas>
                </div>
                <div class='block text-small'>
                    <span class='tooltipped' data-position='top' data-tooltip='51.908%'><span class='strong'>68</span> step(s) passed</span>
                </div>
                <div class='block text-small'>
                    <span class='strong tooltipped' data-position='top' data-tooltip='5.344%'>7</span> scenario(s) failed, 
                    <span class='strong tooltipped' data-position='top' data-tooltip='42.748%'>56</span> skipped, 
                    <span class='strong tooltipped' data-position='top' data-tooltip='42.748%'>0</span> others
                </div>
            </div>
        </div>
    </div>
    <div id="timeline-chart" class="row nm-v nm-h">
        <div class="col s12 m12 l12 np-h">
            <div class="card-panel">
                <div class='left panel-name'>Timeline (seconds)</div>
                <div class="chart-box" style="width:98%;max-height:145px;">
                    <canvas id="timeline" height="120"></canvas>
                </div>
            </div>
        </div>
    </div>
</div>	<div class='subview-left left'>
		<div class='view-summary'>
			<ul id='test-collection' class='test-collection'>
				<li class='test displayed active has-leaf pass' status='pass' bdd='true' test-id='1'>
					<div class='test-heading'>
						<span class='test-name'>[SUC:08-03]-Create Debt Management Case</span>
						<span class='test-time'>Jul 26, 2021 02:01:17 PM</span>
						<span class='test-status right pass'>pass</span>
					</div>
					<div class='test-content hide'>
<div class="sr-filters bdd-filters">
	<a class="btn-floating waves-effect waves-light pass green" title="pass"><i class='material-icons'>check_circle</i></a>
	<a class="btn-floating waves-effect waves-light fail red" title="fail"><i class='material-icons'>cancel</i></a>
	<a class="btn-floating waves-effect waves-light skip blue" title="skip"><i class='material-icons'>redo</i></a>
	<a class="btn-floating waves-effect waves-light clear grey" title="clear"><i class='material-icons'>clear</i></a>
</div>
<div class='scenario node' test-id='2' status='pass'>
	<div class='category-list'>
		<span class='category label'>@Write-Off</span>
		<span class='category label'>@Agent-Appointment</span>
		<span class='category label'>@Lien-Imposition</span>
		<span class='category label'>@Distraint-Action</span>
		<span class='category label'>@Distraint-Action-reject</span>
		<span class='category label'>@Enforcement-Suspension</span>
		<span class='category label'>@Legal-Action</span>
		<span class='category label'>@Agent-Appointment-close</span>
		<span class='category label'>@Verification_of_debt</span>
		<span class='category label'>@SUC:08-01</span>
		<span class='category label'>@UAT_M8-08-01-01</span>
		<span class='category label'>@UAT_M8-08-01-02</span>
	</div>
	<span class='duration right label'>0h 1m 16s+204ms</span>
	<div class="bdd-test">
		<div class="scenario-name"><span class='status pass' title='pass'><i class='material-icons'>check_circle</i></span> Scenario: UAT_M8-08-01-01-Verify the process of installment agreement-Organization</div>
	</div>
	<ul class='steps'>
		<li test-id='5' class='node given pass' status='pass'>
			<div class="step-name" title="StepDefinitions.stepDefinitions.user_navigates_to_the_login_page()"><span class='status pass' title='pass'><i class='material-icons'>check_circle</i></span>Given User navigates to the login page</div>
			<div class="node-step"></div>
		</li>
		<li test-id='6' class='node then pass' status='pass'>
			<div class="step-name" title="StepDefinitions.stepDefinitions.enters_the_username_something_and_password_something_to_login(java.lang.String,java.lang.String)"><span class='status pass' title='pass'><i class='material-icons'>check_circle</i></span>Then Enters the username "tripsuser" and password "Passw0rd" to login</div>
			<div class="node-step"></div>
		</li>
		<li test-id='7' class='node and pass' status='pass'>
			<div class="step-name" title="StepDefinitions.stepDefinitions.click_on_debt_management_create_debt_management_case()"><span class='status pass' title='pass'><i class='material-icons'>check_circle</i></span>And Click on debt management > Create debt management case</div>
			<div class="node-step"></div>
		</li>
		<li test-id='8' class='node and pass' status='pass'>
			<div class="step-name" title="StepDefinitions.stepDefinitions.enter_something_and_click_search(java.lang.String)"><span class='status pass' title='pass'><i class='material-icons'>check_circle</i></span>And enter "1000055000" and click search</div>
			<div class="node-step"></div>
		</li>
		<li test-id='9' class='node then pass' status='pass'>
			<div class="step-name" title="StepDefinitions.stepDefinitions.create_debt_management_case_window_is_placed()"><span class='status pass' title='pass'><i class='material-icons'>check_circle</i></span>Then CREATE DEBT MANAGEMENT CASE window is placed</div>
			<div class="node-step"></div>
		</li>
		<li test-id='10' class='node when pass' status='pass'>
			<div class="step-name" title="StepDefinitions.stepDefinitions.the_user_enters_taxtype_something_and_value_of_debt_something_return_tpe_and_period_something(java.lang.String,java.lang.String,java.lang.String)"><span class='status pass' title='pass'><i class='material-icons'>check_circle</i></span>When the user enters taxtype "Personal Income Tax" and value of debt "100" return tpe and period "1/2020"</div>
			<div class="node-step"></div>
		</li>
		<li test-id='11' class='node then pass' status='pass'>
			<div class="step-name" title="StepDefinitions.stepDefinitions.create_debt_management_case_window_is_placed()"><span class='status pass' title='pass'><i class='material-icons'>check_circle</i></span>Then CREATE DEBT MANAGEMENT CASE window is placed</div>
			<div class="node-step"></div>
		</li>
		<li test-id='12' class='node when pass' status='pass'>
			<div class="step-name" title="StepDefinitions.stepDefinitions.user_enters_case_title_something_and_office_something(java.lang.String,java.lang.String)"><span class='status pass' title='pass'><i class='material-icons'>check_circle</i></span>When User enters Case Title "testDebt case" and Office "BOMTO"</div>
			<div class="node-step"></div>
		</li>
		<li test-id='13' class='node then pass' status='pass'>
			<div class="step-name" title="StepDefinitions.stepDefinitions.verify_message_something(java.lang.String)"><span class='status pass' title='pass'><i class='material-icons'>check_circle</i></span>Then Verify message "Processing Completed - Reference Number"</div>
			<div class="node-step"></div>
		</li>
		<li test-id='14' class='node then pass' status='pass'>
			<div class="step-name" title="StepDefinitions.stepDefinitions.verify_the_ARN_number_ARN(java.lang.String)"><span class='status pass' title='pass'><i class='material-icons'>check_circle</i></span>Then Verify the ARN number "<ARN>"</div>
			<div class="node-step"></div>
		</li>
	</ul>
</div>
					</div>
				</li>
				<li class='test displayed active has-leaf fail' status='fail' bdd='true' test-id='17'>
					<div class='test-heading'>
						<span class='test-name'>[SUC:08-02] Maintain Debt Management Case - Distraint Action</span>
						<span class='test-time'>Jul 26, 2021 02:02:34 PM</span>
						<span class='test-status right fail'>fail</span>
					</div>
					<div class='test-content hide'>
<div class="sr-filters bdd-filters">
	<a class="btn-floating waves-effect waves-light pass green" title="pass"><i class='material-icons'>check_circle</i></a>
	<a class="btn-floating waves-effect waves-light fail red" title="fail"><i class='material-icons'>cancel</i></a>
	<a class="btn-floating waves-effect waves-light skip blue" title="skip"><i class='material-icons'>redo</i></a>
	<a class="btn-floating waves-effect waves-light clear grey" title="clear"><i class='material-icons'>clear</i></a>
</div>
<div class='scenario node' test-id='18' status='fail'>
	<div class='category-list'>
		<span class='category label'>@Distraint-Action</span>
		<span class='category label'>@Distraint-Action-reject</span>
	</div>
	<span class='duration right label'>0h 4m 57s+529ms</span>
	<div class="bdd-test">
		<div class="scenario-name"><span class='status fail' title='fail'><i class='material-icons'>cancel</i></span> Scenario: UAT_M8_08-02-05-Verify the Process of Escalated Case - Distraint Action -Debt Officer</div>
	</div>
	<ul class='steps'>
		<li test-id='21' class='node given pass' status='pass'>
			<div class="step-name" title="StepDefinitions.stepDefinitions.open_crm_url_module_as_something(java.lang.String)"><span class='status pass' title='pass'><i class='material-icons'>check_circle</i></span>Given Open CRM URL Module as "tripscrmuser1"</div>
			<div class="node-step"></div>
		</li>
		<li test-id='22' class='node and pass' status='pass'>
			<div class="step-name" title="StepDefinitions.stepDefinitions.close_Popup_Window()"><span class='status pass' title='pass'><i class='material-icons'>check_circle</i></span>And Close Popup Window</div>
			<div class="node-step"></div>
		</li>
		<li test-id='23' class='node and pass' status='pass'>
			<div class="step-name" title="StepDefinitions.stepDefinitions.click_on_case_management_dropdown()"><span class='status pass' title='pass'><i class='material-icons'>check_circle</i></span>And Click on Case management dropdown</div>
			<div class="node-step"></div>
		</li>
		<li test-id='24' class='node and pass' status='pass'>
			<div class="step-name" title="StepDefinitions.stepDefinitions.click_on_revenue_collection_application()"><span class='status pass' title='pass'><i class='material-icons'>check_circle</i></span>And click on Queues</div>
			<div class="node-step"></div>
		</li>
		<li test-id='25' class='node then pass' status='pass'>
			<div class="step-name" title="StepDefinitions.stepDefinitions.switch_to_frame0()"><span class='status pass' title='pass'><i class='material-icons'>check_circle</i></span>Then switch to frame0</div>
			<div class="node-step"></div>
		</li>
		<li test-id='26' class='node and pass' status='pass'>
			<div class="step-name" title="StepDefinitions.stepDefinitions.enters_exemption_reference_number_in_search_results()"><span class='status pass' title='pass'><i class='material-icons'>check_circle</i></span>And enters Debt reference number in search results</div>
			<div class="node-step"></div>
		</li>
		<li test-id='27' class='node and pass' status='pass'>
			<div class="step-name" title="StepDefinitions.stepDefinitions.picks_the_audit_case()"><span class='status pass' title='pass'><i class='material-icons'>check_circle</i></span>And picks the audit case</div>
			<div class="node-step"></div>
		</li>
		<li test-id='28' class='node and pass' status='pass'>
			<div class="step-name" title="StepDefinitions.stepDefinitions.click_pick_button()"><span class='status pass' title='pass'><i class='material-icons'>check_circle</i></span>And click pick button</div>
			<div class="node-step"></div>
		</li>
		<li test-id='29' class='node then pass' status='pass'>
			<div class="step-name" title="StepDefinitions.stepDefinitions.switch_to_frame0()"><span class='status pass' title='pass'><i class='material-icons'>check_circle</i></span>Then switch to frame0</div>
			<div class="node-step"></div>
		</li>
		<li test-id='30' class='node then pass' status='pass'>
			<div class="step-name" title="StepDefinitions.stepDefinitions.click_on_reference_number()"><span class='status pass' title='pass'><i class='material-icons'>check_circle</i></span>Then Click on reference number</div>
			<div class="node-step"></div>
		</li>
		<li test-id='31' class='node then pass' status='pass'>
			<div class="step-name" title="StepDefinitions.stepDefinitions.application_status_should_be_something(java.lang.String)"><span class='status pass' title='pass'><i class='material-icons'>check_circle</i></span>Then Debt status should be "New"</div>
			<div class="node-step"></div>
		</li>
		<li test-id='32' class='node and pass' status='pass'>
			<div class="step-name" title="StepDefinitions.stepDefinitions.wait_for_duplicate_check(java.lang.String)"><span class='status pass' title='pass'><i class='material-icons'>check_circle</i></span>And wait for plan to load "Total Debt:"</div>
			<div class="node-step"></div>
		</li>
		<li test-id='33' class='node when pass' status='pass'>
			<div class="step-name" title="StepDefinitions.stepDefinitions.user_enters_enforcement_action_something_and_reason_something(java.lang.String,java.lang.String)"><span class='status pass' title='pass'><i class='material-icons'>check_circle</i></span>When user enters Enforcement Action "Distraint Action" and Reason "Distraint Action"</div>
			<div class="node-step"></div>
		</li>
		<li test-id='34' class='node and pass' status='pass'>
			<div class="step-name" title="StepDefinitions.stepDefinitions.clicks_submit_button()"><span class='status pass' title='pass'><i class='material-icons'>check_circle</i></span>And clicks Submit button</div>
			<div class="node-step"></div>
		</li>
		<li test-id='35' class='node then pass' status='pass'>
			<div class="step-name" title="StepDefinitions.stepDefinitions.application_status_should_be_something(java.lang.String)"><span class='status pass' title='pass'><i class='material-icons'>check_circle</i></span>Then Debt status should be "Distraint Action"</div>
			<div class="node-step"></div>
		</li>
		<li test-id='36' class='node and pass' status='pass'>
			<div class="step-name" title="StepDefinitions.stepDefinitions.wait_for_duplicate_check(java.lang.String)"><span class='status pass' title='pass'><i class='material-icons'>check_circle</i></span>And wait for plan to load "Total Tax Debt"</div>
			<div class="node-step"></div>
		</li>
		<li test-id='37' class='node when fail' status='fail'>
			<div class="step-name" title="StepDefinitions.stepDefinitions.user_clicks_add_asset_summary_personal_property()"><span class='status fail' title='fail'><i class='material-icons'>cancel</i></span>When user clicks add Asset Summary Personal Property</div>
			<textarea disabled class="code-block">org.openqa.selenium.NoSuchElementException: no such element: Unable to locate element: {"method":"xpath","selector":"/html/body/trips-app/div/app-debt-management/app-lien-imposition/div/form/div[1]/div[4]/div/div/app-asset-summary/div/div/button[1]"}
  (Session info: chrome=92.0.4515.107)
For documentation on this error, please visit: https://www.seleniumhq.org/exceptions/no_such_element.html
Build info: version: '3.141.59', revision: 'e82be7d358', time: '2018-11-14T08:17:03'
System info: host: 'DESKTOP-1PQR32V', ip: '172.16.16.22', os.name: 'Windows 10', os.arch: 'amd64', os.version: '10.0', java.version: '16.0.1'
Driver info: org.openqa.selenium.chrome.ChromeDriver
Capabilities {acceptInsecureCerts: false, browserName: chrome, browserVersion: 92.0.4515.107, chrome: {chromedriverVersion: 91.0.4472.19 (1bf021f248676..., userDataDir: C:\Users\maxma\AppData\Loca...}, goog:chromeOptions: {debuggerAddress: localhost:65054}, javascriptEnabled: true, networkConnectionEnabled: false, pageLoadStrategy: normal, platform: WINDOWS, platformName: WINDOWS, proxy: Proxy(), setWindowRect: true, strictFileInteractability: false, timeouts: {implicit: 0, pageLoad: 300000, script: 30000}, unhandledPromptBehavior: dismiss and notify, webauthn:extension:largeBlob: true, webauthn:virtualAuthenticators: true}
Session ID: 99ad10f71b8116c586dd8facd7fde897
*** Element info: {Using=xpath, value=/html/body/trips-app/div/app-debt-management/app-lien-imposition/div/form/div[1]/div[4]/div/div/app-asset-summary/div/div/button[1]}
	at jdk.internal.reflect.GeneratedConstructorAccessor11.newInstance(Unknown Source)
	at java.base/jdk.internal.reflect.DelegatingConstructorAccessorImpl.newInstance(DelegatingConstructorAccessorImpl.java:45)
	at java.base/java.lang.reflect.Constructor.newInstanceWithCaller(Constructor.java:499)
	at java.base/java.lang.reflect.Constructor.newInstance(Constructor.java:480)
	at org.openqa.selenium.remote.http.W3CHttpResponseCodec.createException(W3CHttpResponseCodec.java:187)
	at org.openqa.selenium.remote.http.W3CHttpResponseCodec.decode(W3CHttpResponseCodec.java:122)
	at org.openqa.selenium.remote.http.W3CHttpResponseCodec.decode(W3CHttpResponseCodec.java:49)
	at org.openqa.selenium.remote.HttpCommandExecutor.execute(HttpCommandExecutor.java:158)
	at org.openqa.selenium.remote.service.DriverCommandExecutor.execute(DriverCommandExecutor.java:83)
	at org.openqa.selenium.remote.RemoteWebDriver.execute(RemoteWebDriver.java:552)
	at org.openqa.selenium.remote.RemoteWebDriver.findElement(RemoteWebDriver.java:323)
	at org.openqa.selenium.remote.RemoteWebDriver.findElementByXPath(RemoteWebDriver.java:428)
	at org.openqa.selenium.By$ByXPath.findElement(By.java:353)
	at org.openqa.selenium.remote.RemoteWebDriver.findElement(RemoteWebDriver.java:315)
	at StepDefinitions.stepDefinitions.user_clicks_add_asset_summary_personal_property(stepDefinitions.java:544)
	at ✽.user clicks add Asset Summary Personal Property(file:///I:/work/TBL-NRA-DEBT/src/test/resources/FeatureFiles/e_%20Distraint-Action-Maintain%20Debt%20Management%20Case.feature:21)
</textarea>
		</li>
		<li test-id='38' class='node when skip' status='skip'>
			<div class="step-name" title="StepDefinitions.stepDefinitions.user_clicks_add_asset_seized()"><span class='status skip' title='skip'><i class='material-icons'>redo</i></span>When user clicks add Asset Seized</div>
			<div class="node-step">Step skipped</div>
		</li>
		<li test-id='39' class='node then skip' status='skip'>
			<div class="step-name" title="StepDefinitions.stepDefinitions.application_status_should_be_something(java.lang.String)"><span class='status skip' title='skip'><i class='material-icons'>redo</i></span>Then Debt status should be "Distraint Action"</div>
			<div class="node-step">Step skipped</div>
		</li>
		<li test-id='40' class='node and skip' status='skip'>
			<div class="step-name" title="StepDefinitions.stepDefinitions.wait_for_duplicate_check(java.lang.String)"><span class='status skip' title='skip'><i class='material-icons'>redo</i></span>And wait for plan to load "Asset Name"</div>
			<div class="node-step">Step skipped</div>
		</li>
		<li test-id='41' class='node when skip' status='skip'>
			<div class="step-name" title="StepDefinitions.stepDefinitions.user_enters_asset_seized(io.cucumber.datatable.DataTable)"><span class='status skip' title='skip'><i class='material-icons'>redo</i></span>When user enters Asset Seized</div>
			<div class="node-step"><table class='runtime-table table-striped table'><tr><td>Asset Name</td><td>testName</td></tr><tr><td>Asset Description</td><td>testDescription</td></tr><tr><td>Book Value</td><td>1000</td></tr><tr><td>Market Value</td><td>1000</td></tr><tr><td>Title Owner</td><td>testOwner</td></tr></table></div>
			<div class="node-step">Step skipped</div>
		</li>
		<li test-id='42' class='node then skip' status='skip'>
			<div class="step-name" title="StepDefinitions.stepDefinitions.switch_to_frame1()"><span class='status skip' title='skip'><i class='material-icons'>redo</i></span>Then switch to frame1</div>
			<div class="node-step">Step skipped</div>
		</li>
		<li test-id='43' class='node and skip' status='skip'>
			<div class="step-name" title="StepDefinitions.stepDefinitions.wait_for_duplicate_check(java.lang.String)"><span class='status skip' title='skip'><i class='material-icons'>redo</i></span>And wait for plan to load "Total Tax Debt"</div>
			<div class="node-step">Step skipped</div>
		</li>
		<li test-id='44' class='node when skip' status='skip'>
			<div class="step-name" title="StepDefinitions.stepDefinitions.user_enters_summary_cost_costs_something(java.lang.String)"><span class='status skip' title='skip'><i class='material-icons'>redo</i></span>When user enters summary cost Costs "1000"</div>
			<div class="node-step">Step skipped</div>
		</li>
		<li test-id='45' class='node and skip' status='skip'>
			<div class="step-name" title="StepDefinitions.stepDefinitions.distraint_action_clicks_submit_button()"><span class='status skip' title='skip'><i class='material-icons'>redo</i></span>And Distraint Action clicks Submit button</div>
			<div class="node-step">Step skipped</div>
		</li>
		<li test-id='46' class='node then skip' status='skip'>
			<div class="step-name" title="StepDefinitions.stepDefinitions.switch_to_frame1()"><span class='status skip' title='skip'><i class='material-icons'>redo</i></span>Then switch to frame1</div>
			<div class="node-step">Step skipped</div>
		</li>
		<li test-id='47' class='node then skip' status='skip'>
			<div class="step-name" title="StepDefinitions.stepDefinitions.application_status_should_be_something(java.lang.String)"><span class='status skip' title='skip'><i class='material-icons'>redo</i></span>Then Debt status should be "Pending Distraint Action Approval By Tax Collector"</div>
			<div class="node-step">Step skipped</div>
		</li>
	</ul>
</div>
<div class='scenario node' test-id='50' status='fail'>
	<div class='category-list'>
		<span class='category label'>@Distraint-Action</span>
	</div>
	<span class='duration right label'>0h 1m 35s+195ms</span>
	<div class="bdd-test">
		<div class="scenario-name"><span class='status fail' title='fail'><i class='material-icons'>cancel</i></span> Scenario: UAT_M8_08-02-05-Verify the Process of Escalated Case - Distraint Action -TaxCollector</div>
	</div>
	<ul class='steps'>
		<li test-id='53' class='node given pass' status='pass'>
			<div class="step-name" title="StepDefinitions.stepDefinitions.open_crm_url_module_as_something(java.lang.String)"><span class='status pass' title='pass'><i class='material-icons'>check_circle</i></span>Given Open CRM URL Module as "tripscrmuser2"</div>
			<div class="node-step"></div>
		</li>
		<li test-id='54' class='node and pass' status='pass'>
			<div class="step-name" title="StepDefinitions.stepDefinitions.close_Popup_Window()"><span class='status pass' title='pass'><i class='material-icons'>check_circle</i></span>And Close Popup Window</div>
			<div class="node-step"></div>
		</li>
		<li test-id='55' class='node and pass' status='pass'>
			<div class="step-name" title="StepDefinitions.stepDefinitions.click_on_case_management_dropdown()"><span class='status pass' title='pass'><i class='material-icons'>check_circle</i></span>And Click on Case management dropdown</div>
			<div class="node-step"></div>
		</li>
		<li test-id='56' class='node and pass' status='pass'>
			<div class="step-name" title="StepDefinitions.stepDefinitions.click_on_revenue_collection_application()"><span class='status pass' title='pass'><i class='material-icons'>check_circle</i></span>And click on Queues</div>
			<div class="node-step"></div>
		</li>
		<li test-id='57' class='node then pass' status='pass'>
			<div class="step-name" title="StepDefinitions.stepDefinitions.switch_to_frame0()"><span class='status pass' title='pass'><i class='material-icons'>check_circle</i></span>Then switch to frame0</div>
			<div class="node-step"></div>
		</li>
		<li test-id='58' class='node and pass' status='pass'>
			<div class="step-name" title="StepDefinitions.stepDefinitions.enters_exemption_reference_number_in_search_results()"><span class='status pass' title='pass'><i class='material-icons'>check_circle</i></span>And enters Debt reference number in search results</div>
			<div class="node-step"></div>
		</li>
		<li test-id='59' class='node and pass' status='pass'>
			<div class="step-name" title="StepDefinitions.stepDefinitions.picks_the_audit_case()"><span class='status pass' title='pass'><i class='material-icons'>check_circle</i></span>And picks the audit case</div>
			<div class="node-step"></div>
		</li>
		<li test-id='60' class='node and fail' status='fail'>
			<div class="step-name" title="StepDefinitions.stepDefinitions.pick_the_debt_case()"><span class='status fail' title='fail'><i class='material-icons'>cancel</i></span>And pick the debt case</div>
			<textarea disabled class="code-block">org.openqa.selenium.TimeoutException: Expected condition failed: waiting for visibility of element located by By.xpath: //*[@id="queueitem|NoRelationship|HomePageGrid|tbg.queueitem.HomepageGrid.Pick"]/span (tried for 60 second(s) with 500 milliseconds interval)
	at org.openqa.selenium.support.ui.WebDriverWait.timeoutException(WebDriverWait.java:95)
	at org.openqa.selenium.support.ui.FluentWait.until(FluentWait.java:272)
	at StepDefinitions.stepDefinitions.pick_the_debt_case(stepDefinitions.java:251)
	at ✽.pick the debt case(file:///I:/work/TBL-NRA-DEBT/src/test/resources/FeatureFiles/e_%20Distraint-Action-Maintain%20Debt%20Management%20Case.feature:72)
Caused by: org.openqa.selenium.NoSuchElementException: no such element: Unable to locate element: {"method":"xpath","selector":"//*[@id="queueitem|NoRelationship|HomePageGrid|tbg.queueitem.HomepageGrid.Pick"]/span"}
  (Session info: chrome=92.0.4515.107)
For documentation on this error, please visit: https://www.seleniumhq.org/exceptions/no_such_element.html
Build info: version: '3.141.59', revision: 'e82be7d358', time: '2018-11-14T08:17:03'
System info: host: 'DESKTOP-1PQR32V', ip: '172.16.16.22', os.name: 'Windows 10', os.arch: 'amd64', os.version: '10.0', java.version: '16.0.1'
Driver info: org.openqa.selenium.chrome.ChromeDriver
Capabilities {acceptInsecureCerts: false, browserName: chrome, browserVersion: 92.0.4515.107, chrome: {chromedriverVersion: 91.0.4472.19 (1bf021f248676..., userDataDir: C:\Users\maxma\AppData\Loca...}, goog:chromeOptions: {debuggerAddress: localhost:61026}, javascriptEnabled: true, networkConnectionEnabled: false, pageLoadStrategy: normal, platform: WINDOWS, platformName: WINDOWS, proxy: Proxy(), setWindowRect: true, strictFileInteractability: false, timeouts: {implicit: 0, pageLoad: 300000, script: 30000}, unhandledPromptBehavior: dismiss and notify, webauthn:extension:largeBlob: true, webauthn:virtualAuthenticators: true}
Session ID: 696794bb4c2fd157546681734aa4aaf9
*** Element info: {Using=xpath, value=//*[@id="queueitem|NoRelationship|HomePageGrid|tbg.queueitem.HomepageGrid.Pick"]/span}
	at jdk.internal.reflect.GeneratedConstructorAccessor11.newInstance(Unknown Source)
	at java.base/jdk.internal.reflect.DelegatingConstructorAccessorImpl.newInstance(DelegatingConstructorAccessorImpl.java:45)
	at java.base/java.lang.reflect.Constructor.newInstanceWithCaller(Constructor.java:499)
	at java.base/java.lang.reflect.Constructor.newInstance(Constructor.java:480)
	at org.openqa.selenium.remote.http.W3CHttpResponseCodec.createException(W3CHttpResponseCodec.java:187)
	at org.openqa.selenium.remote.http.W3CHttpResponseCodec.decode(W3CHttpResponseCodec.java:122)
	at org.openqa.selenium.remote.http.W3CHttpResponseCodec.decode(W3CHttpResponseCodec.java:49)
	at org.openqa.selenium.remote.HttpCommandExecutor.execute(HttpCommandExecutor.java:158)
	at org.openqa.selenium.remote.service.DriverCommandExecutor.execute(DriverCommandExecutor.java:83)
	at org.openqa.selenium.remote.RemoteWebDriver.execute(RemoteWebDriver.java:552)
	at org.openqa.selenium.remote.RemoteWebDriver.findElement(RemoteWebDriver.java:323)
	at org.openqa.selenium.remote.RemoteWebDriver.findElementByXPath(RemoteWebDriver.java:428)
	at org.openqa.selenium.By$ByXPath.findElement(By.java:353)
	at org.openqa.selenium.remote.RemoteWebDriver.findElement(RemoteWebDriver.java:315)
	at org.openqa.selenium.support.ui.ExpectedConditions$7.apply(ExpectedConditions.java:205)
	at org.openqa.selenium.support.ui.ExpectedConditions$7.apply(ExpectedConditions.java:201)
	at org.openqa.selenium.support.ui.FluentWait.until(FluentWait.java:249)
	at StepDefinitions.stepDefinitions.pick_the_debt_case(stepDefinitions.java:251)
	at java.base/jdk.internal.reflect.NativeMethodAccessorImpl.invoke0(Native Method)
	at java.base/jdk.internal.reflect.NativeMethodAccessorImpl.invoke(NativeMethodAccessorImpl.java:78)
	at java.base/jdk.internal.reflect.DelegatingMethodAccessorImpl.invoke(DelegatingMethodAccessorImpl.java:43)
	at java.base/java.lang.reflect.Method.invoke(Method.java:567)
	at io.cucumber.java.Invoker.doInvoke(Invoker.java:66)
	at io.cucumber.java.Invoker.invoke(Invoker.java:24)
	at io.cucumber.java.AbstractGlueDefinition.invokeMethod(AbstractGlueDefinition.java:44)
	at io.cucumber.java.JavaStepDefinition.execute(JavaStepDefinition.java:29)
	at io.cucumber.core.runner.CoreStepDefinition.execute(CoreStepDefinition.java:64)
	at io.cucumber.core.runner.PickleStepDefinitionMatch.runStep(PickleStepDefinitionMatch.java:63)
	at io.cucumber.core.runner.TestStep.executeStep(TestStep.java:92)
	at io.cucumber.core.runner.TestStep.run(TestStep.java:63)
	at io.cucumber.core.runner.PickleStepTestStep.run(PickleStepTestStep.java:49)
	at io.cucumber.core.runner.TestCase.run(TestCase.java:99)
	at io.cucumber.core.runner.Runner.runPickle(Runner.java:71)
	at io.cucumber.junit.PickleRunners$NoStepDescriptions.run(PickleRunners.java:140)
	at io.cucumber.junit.FeatureRunner.runChild(FeatureRunner.java:118)
	at io.cucumber.junit.FeatureRunner.runChild(FeatureRunner.java:24)
	at org.junit.runners.ParentRunner$3.run(ParentRunner.java:238)
	at org.junit.runners.ParentRunner$1.schedule(ParentRunner.java:63)
	at org.junit.runners.ParentRunner.runChildren(ParentRunner.java:236)
	at org.junit.runners.ParentRunner.access$000(ParentRunner.java:53)
	at org.junit.runners.ParentRunner$2.evaluate(ParentRunner.java:229)
	at org.junit.runners.ParentRunner.run(ParentRunner.java:309)
	at io.cucumber.junit.Cucumber.runChild(Cucumber.java:192)
	at io.cucumber.junit.Cucumber.runChild(Cucumber.java:88)
	at org.junit.runners.ParentRunner$3.run(ParentRunner.java:238)
	at org.junit.runners.ParentRunner$1.schedule(ParentRunner.java:63)
	at org.junit.runners.ParentRunner.runChildren(ParentRunner.java:236)
	at org.junit.runners.ParentRunner.access$000(ParentRunner.java:53)
	at org.junit.runners.ParentRunner$2.evaluate(ParentRunner.java:229)
	at io.cucumber.junit.Cucumber$RunCucumber.evaluate(Cucumber.java:227)
	at org.junit.runners.ParentRunner.run(ParentRunner.java:309)
	at org.junit.runner.JUnitCore.run(JUnitCore.java:160)
	at com.intellij.junit4.JUnit4IdeaTestRunner.startRunnerWithArgs(JUnit4IdeaTestRunner.java:69)
	at com.intellij.rt.junit.IdeaTestRunner$Repeater.startRunnerWithArgs(IdeaTestRunner.java:33)
	at com.intellij.rt.junit.JUnitStarter.prepareStreamsAndStart(JUnitStarter.java:221)
	at com.intellij.rt.junit.JUnitStarter.main(JUnitStarter.java:54)
</textarea>
		</li>
		<li test-id='61' class='node then skip' status='skip'>
			<div class="step-name" title="StepDefinitions.stepDefinitions.switch_to_frame0()"><span class='status skip' title='skip'><i class='material-icons'>redo</i></span>Then switch to frame0</div>
			<div class="node-step">Step skipped</div>
		</li>
		<li test-id='62' class='node then skip' status='skip'>
			<div class="step-name" title="StepDefinitions.stepDefinitions.click_on_reference_number()"><span class='status skip' title='skip'><i class='material-icons'>redo</i></span>Then Click on reference number</div>
			<div class="node-step">Step skipped</div>
		</li>
		<li test-id='63' class='node then skip' status='skip'>
			<div class="step-name" title="StepDefinitions.stepDefinitions.application_status_should_be_something(java.lang.String)"><span class='status skip' title='skip'><i class='material-icons'>redo</i></span>Then Debt status should be "Pending Distraint Action Approval By Tax Collector"</div>
			<div class="node-step">Step skipped</div>
		</li>
		<li test-id='64' class='node and skip' status='skip'>
			<div class="step-name" title="StepDefinitions.stepDefinitions.wait_for_duplicate_check(java.lang.String)"><span class='status skip' title='skip'><i class='material-icons'>redo</i></span>And wait for plan to load "Total Tax Debt"</div>
			<div class="node-step">Step skipped</div>
		</li>
		<li test-id='65' class='node then skip' status='skip'>
			<div class="step-name" title="StepDefinitions.stepDefinitions.switch_to_frame1()"><span class='status skip' title='skip'><i class='material-icons'>redo</i></span>Then switch to frame1</div>
			<div class="node-step">Step skipped</div>
		</li>
		<li test-id='66' class='node and skip' status='skip'>
			<div class="step-name" title="StepDefinitions.stepDefinitions.select_approval_outcome_value_to_approve_something(java.lang.String)"><span class='status skip' title='skip'><i class='material-icons'>redo</i></span>And Select Approval outcome value to Approve "taxcollector"</div>
			<div class="node-step">Step skipped</div>
		</li>
		<li test-id='67' class='node then skip' status='skip'>
			<div class="step-name" title="StepDefinitions.stepDefinitions.click_on_Save_button()"><span class='status skip' title='skip'><i class='material-icons'>redo</i></span>Then Click on Save button</div>
			<div class="node-step">Step skipped</div>
		</li>
		<li test-id='68' class='node then skip' status='skip'>
			<div class="step-name" title="StepDefinitions.stepDefinitions.application_status_should_be_something(java.lang.String)"><span class='status skip' title='skip'><i class='material-icons'>redo</i></span>Then Debt status should be "Pending Distraint Action Approval By Station Manager"</div>
			<div class="node-step">Step skipped</div>
		</li>
	</ul>
</div>
<div class='scenario node' test-id='71' status='fail'>
	<div class='category-list'>
		<span class='category label'>@Distraint-Action</span>
	</div>
	<span class='duration right label'>0h 0m 55s+482ms</span>
	<div class="bdd-test">
		<div class="scenario-name"><span class='status fail' title='fail'><i class='material-icons'>cancel</i></span> Scenario: UAT_M8_08-02-05-Verify the Process of Escalated Case - Distraint Action -StationManager</div>
	</div>
	<ul class='steps'>
		<li test-id='74' class='node given pass' status='pass'>
			<div class="step-name" title="StepDefinitions.stepDefinitions.open_crm_url_module_as_something(java.lang.String)"><span class='status pass' title='pass'><i class='material-icons'>check_circle</i></span>Given Open CRM URL Module as "tripscrmuser3"</div>
			<div class="node-step"></div>
		</li>
		<li test-id='75' class='node and pass' status='pass'>
			<div class="step-name" title="StepDefinitions.stepDefinitions.close_Popup_Window()"><span class='status pass' title='pass'><i class='material-icons'>check_circle</i></span>And Close Popup Window</div>
			<div class="node-step"></div>
		</li>
		<li test-id='76' class='node and pass' status='pass'>
			<div class="step-name" title="StepDefinitions.stepDefinitions.click_on_case_management_dropdown()"><span class='status pass' title='pass'><i class='material-icons'>check_circle</i></span>And Click on Case management dropdown</div>
			<div class="node-step"></div>
		</li>
		<li test-id='77' class='node and pass' status='pass'>
			<div class="step-name" title="StepDefinitions.stepDefinitions.click_on_revenue_collection_application()"><span class='status pass' title='pass'><i class='material-icons'>check_circle</i></span>And click on Queues</div>
			<div class="node-step"></div>
		</li>
		<li test-id='78' class='node then pass' status='pass'>
			<div class="step-name" title="StepDefinitions.stepDefinitions.switch_to_frame0()"><span class='status pass' title='pass'><i class='material-icons'>check_circle</i></span>Then switch to frame0</div>
			<div class="node-step"></div>
		</li>
		<li test-id='79' class='node and pass' status='pass'>
			<div class="step-name" title="StepDefinitions.stepDefinitions.enters_exemption_reference_number_in_search_results()"><span class='status pass' title='pass'><i class='material-icons'>check_circle</i></span>And enters Debt reference number in search results</div>
			<div class="node-step"></div>
		</li>
		<li test-id='80' class='node and pass' status='pass'>
			<div class="step-name" title="StepDefinitions.stepDefinitions.picks_the_audit_case()"><span class='status pass' title='pass'><i class='material-icons'>check_circle</i></span>And picks the audit case</div>
			<div class="node-step"></div>
		</li>
		<li test-id='81' class='node and fail' status='fail'>
			<div class="step-name" title="StepDefinitions.stepDefinitions.click_pick_button()"><span class='status fail' title='fail'><i class='material-icons'>cancel</i></span>And click pick button</div>
			<textarea disabled class="code-block">org.openqa.selenium.TimeoutException: Expected condition failed: waiting for visibility of element located by By.id: moreCommands (tried for 20 second(s) with 500 milliseconds interval)
Build info: version: '3.141.59', revision: 'e82be7d358', time: '2018-11-14T08:17:03'
System info: host: 'DESKTOP-1PQR32V', ip: '172.16.16.22', os.name: 'Windows 10', os.arch: 'amd64', os.version: '10.0', java.version: '16.0.1'
Driver info: org.openqa.selenium.chrome.ChromeDriver
Capabilities {acceptInsecureCerts: false, browserName: chrome, browserVersion: 92.0.4515.107, chrome: {chromedriverVersion: 91.0.4472.19 (1bf021f248676..., userDataDir: C:\Users\maxma\AppData\Loca...}, goog:chromeOptions: {debuggerAddress: localhost:59267}, javascriptEnabled: true, networkConnectionEnabled: false, pageLoadStrategy: normal, platform: WINDOWS, platformName: WINDOWS, proxy: Proxy(), setWindowRect: true, strictFileInteractability: false, timeouts: {implicit: 0, pageLoad: 300000, script: 30000}, unhandledPromptBehavior: dismiss and notify, webauthn:extension:largeBlob: true, webauthn:virtualAuthenticators: true}
Session ID: f76bdd06bd9eb0fa857cbc31466516ae
	at org.openqa.selenium.support.ui.WebDriverWait.timeoutException(WebDriverWait.java:95)
	at org.openqa.selenium.support.ui.FluentWait.until(FluentWait.java:272)
	at StepDefinitions.stepDefinitions.click_pick_button(stepDefinitions.java:266)
	at ✽.click pick button(file:///I:/work/TBL-NRA-DEBT/src/test/resources/FeatureFiles/e_%20Distraint-Action-Maintain%20Debt%20Management%20Case.feature:91)
</textarea>
		</li>
		<li test-id='82' class='node then skip' status='skip'>
			<div class="step-name" title="StepDefinitions.stepDefinitions.switch_to_frame0()"><span class='status skip' title='skip'><i class='material-icons'>redo</i></span>Then switch to frame0</div>
			<div class="node-step">Step skipped</div>
		</li>
		<li test-id='83' class='node then skip' status='skip'>
			<div class="step-name" title="StepDefinitions.stepDefinitions.click_on_reference_number()"><span class='status skip' title='skip'><i class='material-icons'>redo</i></span>Then Click on reference number</div>
			<div class="node-step">Step skipped</div>
		</li>
		<li test-id='84' class='node then skip' status='skip'>
			<div class="step-name" title="StepDefinitions.stepDefinitions.application_status_should_be_something(java.lang.String)"><span class='status skip' title='skip'><i class='material-icons'>redo</i></span>Then Debt status should be "Pending Distraint Action Approval By Station Manager"</div>
			<div class="node-step">Step skipped</div>
		</li>
		<li test-id='85' class='node and skip' status='skip'>
			<div class="step-name" title="StepDefinitions.stepDefinitions.wait_for_duplicate_check(java.lang.String)"><span class='status skip' title='skip'><i class='material-icons'>redo</i></span>And wait for plan to load "Total Tax Debt"</div>
			<div class="node-step">Step skipped</div>
		</li>
		<li test-id='86' class='node then skip' status='skip'>
			<div class="step-name" title="StepDefinitions.stepDefinitions.switch_to_frame1()"><span class='status skip' title='skip'><i class='material-icons'>redo</i></span>Then switch to frame1</div>
			<div class="node-step">Step skipped</div>
		</li>
		<li test-id='87' class='node and skip' status='skip'>
			<div class="step-name" title="StepDefinitions.stepDefinitions.select_approval_outcome_value_to_approve_something(java.lang.String)"><span class='status skip' title='skip'><i class='material-icons'>redo</i></span>And Select Approval outcome value to Approve "stationmanager"</div>
			<div class="node-step">Step skipped</div>
		</li>
		<li test-id='88' class='node then skip' status='skip'>
			<div class="step-name" title="StepDefinitions.stepDefinitions.click_on_Save_button()"><span class='status skip' title='skip'><i class='material-icons'>redo</i></span>Then Click on Save button</div>
			<div class="node-step">Step skipped</div>
		</li>
		<li test-id='89' class='node then skip' status='skip'>
			<div class="step-name" title="StepDefinitions.stepDefinitions.application_status_should_be_something(java.lang.String)"><span class='status skip' title='skip'><i class='material-icons'>redo</i></span>Then Debt status should be "Pending Distraint Action Approval By Deputy Commissioner Operations"</div>
			<div class="node-step">Step skipped</div>
		</li>
	</ul>
</div>
<div class='scenario node' test-id='92' status='fail'>
	<div class='category-list'>
		<span class='category label'>@Distraint-Action</span>
	</div>
	<span class='duration right label'>0h 1m 19s+214ms</span>
	<div class="bdd-test">
		<div class="scenario-name"><span class='status fail' title='fail'><i class='material-icons'>cancel</i></span> Scenario: UAT_M8_08-02-05-Verify the Process of Escalated Case - Distraint Action -Deputy Commissioner Operations</div>
	</div>
	<ul class='steps'>
		<li test-id='95' class='node given pass' status='pass'>
			<div class="step-name" title="StepDefinitions.stepDefinitions.open_crm_url_module_as_something(java.lang.String)"><span class='status pass' title='pass'><i class='material-icons'>check_circle</i></span>Given Open CRM URL Module as "tripscrmuser4"</div>
			<div class="node-step"></div>
		</li>
		<li test-id='96' class='node and pass' status='pass'>
			<div class="step-name" title="StepDefinitions.stepDefinitions.close_Popup_Window()"><span class='status pass' title='pass'><i class='material-icons'>check_circle</i></span>And Close Popup Window</div>
			<div class="node-step"></div>
		</li>
		<li test-id='97' class='node and pass' status='pass'>
			<div class="step-name" title="StepDefinitions.stepDefinitions.click_on_case_management_dropdown()"><span class='status pass' title='pass'><i class='material-icons'>check_circle</i></span>And Click on Case management dropdown</div>
			<div class="node-step"></div>
		</li>
		<li test-id='98' class='node and pass' status='pass'>
			<div class="step-name" title="StepDefinitions.stepDefinitions.click_on_revenue_collection_application()"><span class='status pass' title='pass'><i class='material-icons'>check_circle</i></span>And click on Queues</div>
			<div class="node-step"></div>
		</li>
		<li test-id='99' class='node then pass' status='pass'>
			<div class="step-name" title="StepDefinitions.stepDefinitions.switch_to_frame0()"><span class='status pass' title='pass'><i class='material-icons'>check_circle</i></span>Then switch to frame0</div>
			<div class="node-step"></div>
		</li>
		<li test-id='100' class='node and pass' status='pass'>
			<div class="step-name" title="StepDefinitions.stepDefinitions.enters_exemption_reference_number_in_search_results()"><span class='status pass' title='pass'><i class='material-icons'>check_circle</i></span>And enters Debt reference number in search results</div>
			<div class="node-step"></div>
		</li>
		<li test-id='101' class='node and pass' status='pass'>
			<div class="step-name" title="StepDefinitions.stepDefinitions.picks_the_audit_case()"><span class='status pass' title='pass'><i class='material-icons'>check_circle</i></span>And picks the audit case</div>
			<div class="node-step"></div>
		</li>
		<li test-id='102' class='node and fail' status='fail'>
			<div class="step-name" title="StepDefinitions.stepDefinitions.click_pick_button()"><span class='status fail' title='fail'><i class='material-icons'>cancel</i></span>And click pick button</div>
			<textarea disabled class="code-block">org.openqa.selenium.TimeoutException: Expected condition failed: waiting for visibility of element located by By.id: moreCommands (tried for 20 second(s) with 500 milliseconds interval)
Build info: version: '3.141.59', revision: 'e82be7d358', time: '2018-11-14T08:17:03'
System info: host: 'DESKTOP-1PQR32V', ip: '172.16.16.22', os.name: 'Windows 10', os.arch: 'amd64', os.version: '10.0', java.version: '16.0.1'
Driver info: org.openqa.selenium.chrome.ChromeDriver
Capabilities {acceptInsecureCerts: false, browserName: chrome, browserVersion: 92.0.4515.107, chrome: {chromedriverVersion: 91.0.4472.19 (1bf021f248676..., userDataDir: C:\Users\maxma\AppData\Loca...}, goog:chromeOptions: {debuggerAddress: localhost:54090}, javascriptEnabled: true, networkConnectionEnabled: false, pageLoadStrategy: normal, platform: WINDOWS, platformName: WINDOWS, proxy: Proxy(), setWindowRect: true, strictFileInteractability: false, timeouts: {implicit: 0, pageLoad: 300000, script: 30000}, unhandledPromptBehavior: dismiss and notify, webauthn:extension:largeBlob: true, webauthn:virtualAuthenticators: true}
Session ID: 3184d139c57bea48447e3df4ef75ad02
	at org.openqa.selenium.support.ui.WebDriverWait.timeoutException(WebDriverWait.java:95)
	at org.openqa.selenium.support.ui.FluentWait.until(FluentWait.java:272)
	at StepDefinitions.stepDefinitions.click_pick_button(stepDefinitions.java:266)
	at ✽.click pick button(file:///I:/work/TBL-NRA-DEBT/src/test/resources/FeatureFiles/e_%20Distraint-Action-Maintain%20Debt%20Management%20Case.feature:110)
</textarea>
		</li>
		<li test-id='103' class='node then skip' status='skip'>
			<div class="step-name" title="StepDefinitions.stepDefinitions.switch_to_frame0()"><span class='status skip' title='skip'><i class='material-icons'>redo</i></span>Then switch to frame0</div>
			<div class="node-step">Step skipped</div>
		</li>
		<li test-id='104' class='node then skip' status='skip'>
			<div class="step-name" title="StepDefinitions.stepDefinitions.click_on_reference_number()"><span class='status skip' title='skip'><i class='material-icons'>redo</i></span>Then Click on reference number</div>
			<div class="node-step">Step skipped</div>
		</li>
		<li test-id='105' class='node then skip' status='skip'>
			<div class="step-name" title="StepDefinitions.stepDefinitions.application_status_should_be_something(java.lang.String)"><span class='status skip' title='skip'><i class='material-icons'>redo</i></span>Then Debt status should be "Pending Distraint Action Approval By Deputy Commissioner Operations"</div>
			<div class="node-step">Step skipped</div>
		</li>
		<li test-id='106' class='node and skip' status='skip'>
			<div class="step-name" title="StepDefinitions.stepDefinitions.wait_for_duplicate_check(java.lang.String)"><span class='status skip' title='skip'><i class='material-icons'>redo</i></span>And wait for plan to load "Total Tax Debt"</div>
			<div class="node-step">Step skipped</div>
		</li>
		<li test-id='107' class='node then skip' status='skip'>
			<div class="step-name" title="StepDefinitions.stepDefinitions.switch_to_frame1()"><span class='status skip' title='skip'><i class='material-icons'>redo</i></span>Then switch to frame1</div>
			<div class="node-step">Step skipped</div>
		</li>
		<li test-id='108' class='node and skip' status='skip'>
			<div class="step-name" title="StepDefinitions.stepDefinitions.select_approval_outcome_value_to_approve_something(java.lang.String)"><span class='status skip' title='skip'><i class='material-icons'>redo</i></span>And Select Approval outcome value to Approve "deputycommissioneroperations"</div>
			<div class="node-step">Step skipped</div>
		</li>
		<li test-id='109' class='node then skip' status='skip'>
			<div class="step-name" title="StepDefinitions.stepDefinitions.click_on_Save_button()"><span class='status skip' title='skip'><i class='material-icons'>redo</i></span>Then Click on Save button</div>
			<div class="node-step">Step skipped</div>
		</li>
		<li test-id='110' class='node then skip' status='skip'>
			<div class="step-name" title="StepDefinitions.stepDefinitions.application_status_should_be_something(java.lang.String)"><span class='status skip' title='skip'><i class='material-icons'>redo</i></span>Then Debt status should be "Pending Distraint Action Approval By Domestic Taxes Commissioner"</div>
			<div class="node-step">Step skipped</div>
		</li>
	</ul>
</div>
<div class='scenario node' test-id='113' status='fail'>
	<div class='category-list'>
		<span class='category label'>@Distraint-Action</span>
	</div>
	<span class='duration right label'>0h 1m 3s+812ms</span>
	<div class="bdd-test">
		<div class="scenario-name"><span class='status fail' title='fail'><i class='material-icons'>cancel</i></span> Scenario: UAT_M8_08-02-05-Verify the Process of Escalated Case - Distraint Action -Domestic Taxes Commissioner</div>
	</div>
	<ul class='steps'>
		<li test-id='116' class='node given pass' status='pass'>
			<div class="step-name" title="StepDefinitions.stepDefinitions.open_crm_url_module_as_something(java.lang.String)"><span class='status pass' title='pass'><i class='material-icons'>check_circle</i></span>Given Open CRM URL Module as "tripscrmuser5"</div>
			<div class="node-step"></div>
		</li>
		<li test-id='117' class='node and pass' status='pass'>
			<div class="step-name" title="StepDefinitions.stepDefinitions.close_Popup_Window()"><span class='status pass' title='pass'><i class='material-icons'>check_circle</i></span>And Close Popup Window</div>
			<div class="node-step"></div>
		</li>
		<li test-id='118' class='node and pass' status='pass'>
			<div class="step-name" title="StepDefinitions.stepDefinitions.click_on_case_management_dropdown()"><span class='status pass' title='pass'><i class='material-icons'>check_circle</i></span>And Click on Case management dropdown</div>
			<div class="node-step"></div>
		</li>
		<li test-id='119' class='node and pass' status='pass'>
			<div class="step-name" title="StepDefinitions.stepDefinitions.click_on_revenue_collection_application()"><span class='status pass' title='pass'><i class='material-icons'>check_circle</i></span>And click on Queues</div>
			<div class="node-step"></div>
		</li>
		<li test-id='120' class='node then pass' status='pass'>
			<div class="step-name" title="StepDefinitions.stepDefinitions.switch_to_frame0()"><span class='status pass' title='pass'><i class='material-icons'>check_circle</i></span>Then switch to frame0</div>
			<div class="node-step"></div>
		</li>
		<li test-id='121' class='node and pass' status='pass'>
			<div class="step-name" title="StepDefinitions.stepDefinitions.enters_exemption_reference_number_in_search_results()"><span class='status pass' title='pass'><i class='material-icons'>check_circle</i></span>And enters Debt reference number in search results</div>
			<div class="node-step"></div>
		</li>
		<li test-id='122' class='node and pass' status='pass'>
			<div class="step-name" title="StepDefinitions.stepDefinitions.picks_the_audit_case()"><span class='status pass' title='pass'><i class='material-icons'>check_circle</i></span>And picks the audit case</div>
			<div class="node-step"></div>
		</li>
		<li test-id='123' class='node and fail' status='fail'>
			<div class="step-name" title="StepDefinitions.stepDefinitions.click_pick_button()"><span class='status fail' title='fail'><i class='material-icons'>cancel</i></span>And click pick button</div>
			<textarea disabled class="code-block">org.openqa.selenium.TimeoutException: Expected condition failed: waiting for visibility of element located by By.id: moreCommands (tried for 20 second(s) with 500 milliseconds interval)
Build info: version: '3.141.59', revision: 'e82be7d358', time: '2018-11-14T08:17:03'
System info: host: 'DESKTOP-1PQR32V', ip: '172.16.16.22', os.name: 'Windows 10', os.arch: 'amd64', os.version: '10.0', java.version: '16.0.1'
Driver info: org.openqa.selenium.chrome.ChromeDriver
Capabilities {acceptInsecureCerts: false, browserName: chrome, browserVersion: 92.0.4515.107, chrome: {chromedriverVersion: 91.0.4472.19 (1bf021f248676..., userDataDir: C:\Users\maxma\AppData\Loca...}, goog:chromeOptions: {debuggerAddress: localhost:57043}, javascriptEnabled: true, networkConnectionEnabled: false, pageLoadStrategy: normal, platform: WINDOWS, platformName: WINDOWS, proxy: Proxy(), setWindowRect: true, strictFileInteractability: false, timeouts: {implicit: 0, pageLoad: 300000, script: 30000}, unhandledPromptBehavior: dismiss and notify, webauthn:extension:largeBlob: true, webauthn:virtualAuthenticators: true}
Session ID: 636bc6a926f88245ab8a46065ce0c9aa
	at org.openqa.selenium.support.ui.WebDriverWait.timeoutException(WebDriverWait.java:95)
	at org.openqa.selenium.support.ui.FluentWait.until(FluentWait.java:272)
	at StepDefinitions.stepDefinitions.click_pick_button(stepDefinitions.java:266)
	at ✽.click pick button(file:///I:/work/TBL-NRA-DEBT/src/test/resources/FeatureFiles/e_%20Distraint-Action-Maintain%20Debt%20Management%20Case.feature:129)
</textarea>
		</li>
		<li test-id='124' class='node then skip' status='skip'>
			<div class="step-name" title="StepDefinitions.stepDefinitions.switch_to_frame0()"><span class='status skip' title='skip'><i class='material-icons'>redo</i></span>Then switch to frame0</div>
			<div class="node-step">Step skipped</div>
		</li>
		<li test-id='125' class='node then skip' status='skip'>
			<div class="step-name" title="StepDefinitions.stepDefinitions.click_on_reference_number()"><span class='status skip' title='skip'><i class='material-icons'>redo</i></span>Then Click on reference number</div>
			<div class="node-step">Step skipped</div>
		</li>
		<li test-id='126' class='node then skip' status='skip'>
			<div class="step-name" title="StepDefinitions.stepDefinitions.application_status_should_be_something(java.lang.String)"><span class='status skip' title='skip'><i class='material-icons'>redo</i></span>Then Debt status should be "Pending Distraint Action Approval By Domestic Taxes Commissioner"</div>
			<div class="node-step">Step skipped</div>
		</li>
		<li test-id='127' class='node and skip' status='skip'>
			<div class="step-name" title="StepDefinitions.stepDefinitions.wait_for_duplicate_check(java.lang.String)"><span class='status skip' title='skip'><i class='material-icons'>redo</i></span>And wait for plan to load "Total Tax Debt"</div>
			<div class="node-step">Step skipped</div>
		</li>
		<li test-id='128' class='node then skip' status='skip'>
			<div class="step-name" title="StepDefinitions.stepDefinitions.switch_to_frame1()"><span class='status skip' title='skip'><i class='material-icons'>redo</i></span>Then switch to frame1</div>
			<div class="node-step">Step skipped</div>
		</li>
		<li test-id='129' class='node and skip' status='skip'>
			<div class="step-name" title="StepDefinitions.stepDefinitions.select_approval_outcome_value_to_approve_something(java.lang.String)"><span class='status skip' title='skip'><i class='material-icons'>redo</i></span>And Select Approval outcome value to Approve "domestictaxescommissioner"</div>
			<div class="node-step">Step skipped</div>
		</li>
		<li test-id='130' class='node then skip' status='skip'>
			<div class="step-name" title="StepDefinitions.stepDefinitions.click_on_Save_button()"><span class='status skip' title='skip'><i class='material-icons'>redo</i></span>Then Click on Save button</div>
			<div class="node-step">Step skipped</div>
		</li>
		<li test-id='131' class='node then skip' status='skip'>
			<div class="step-name" title="StepDefinitions.stepDefinitions.application_status_should_be_something(java.lang.String)"><span class='status skip' title='skip'><i class='material-icons'>redo</i></span>Then Debt status should be "Pending Distraint Action Approval By Commissioner General"</div>
			<div class="node-step">Step skipped</div>
		</li>
	</ul>
</div>
<div class='scenario node' test-id='134' status='fail'>
	<div class='category-list'>
		<span class='category label'>@Distraint-Action</span>
	</div>
	<span class='duration right label'>0h 1m 2s+365ms</span>
	<div class="bdd-test">
		<div class="scenario-name"><span class='status fail' title='fail'><i class='material-icons'>cancel</i></span> Scenario: UAT_M8_08-02-05-Verify the Process of Escalated Case - Distraint Action -Commissioner General</div>
	</div>
	<ul class='steps'>
		<li test-id='137' class='node given pass' status='pass'>
			<div class="step-name" title="StepDefinitions.stepDefinitions.open_crm_url_module_as_something(java.lang.String)"><span class='status pass' title='pass'><i class='material-icons'>check_circle</i></span>Given Open CRM URL Module as "tripscrmuser6"</div>
			<div class="node-step"></div>
		</li>
		<li test-id='138' class='node and pass' status='pass'>
			<div class="step-name" title="StepDefinitions.stepDefinitions.close_Popup_Window()"><span class='status pass' title='pass'><i class='material-icons'>check_circle</i></span>And Close Popup Window</div>
			<div class="node-step"></div>
		</li>
		<li test-id='139' class='node and pass' status='pass'>
			<div class="step-name" title="StepDefinitions.stepDefinitions.click_on_case_management_dropdown()"><span class='status pass' title='pass'><i class='material-icons'>check_circle</i></span>And Click on Case management dropdown</div>
			<div class="node-step"></div>
		</li>
		<li test-id='140' class='node and pass' status='pass'>
			<div class="step-name" title="StepDefinitions.stepDefinitions.click_on_revenue_collection_application()"><span class='status pass' title='pass'><i class='material-icons'>check_circle</i></span>And click on Queues</div>
			<div class="node-step"></div>
		</li>
		<li test-id='141' class='node then pass' status='pass'>
			<div class="step-name" title="StepDefinitions.stepDefinitions.switch_to_frame0()"><span class='status pass' title='pass'><i class='material-icons'>check_circle</i></span>Then switch to frame0</div>
			<div class="node-step"></div>
		</li>
		<li test-id='142' class='node and pass' status='pass'>
			<div class="step-name" title="StepDefinitions.stepDefinitions.enters_exemption_reference_number_in_search_results()"><span class='status pass' title='pass'><i class='material-icons'>check_circle</i></span>And enters Debt reference number in search results</div>
			<div class="node-step"></div>
		</li>
		<li test-id='143' class='node and pass' status='pass'>
			<div class="step-name" title="StepDefinitions.stepDefinitions.picks_the_audit_case()"><span class='status pass' title='pass'><i class='material-icons'>check_circle</i></span>And picks the audit case</div>
			<div class="node-step"></div>
		</li>
		<li test-id='144' class='node and fail' status='fail'>
			<div class="step-name" title="StepDefinitions.stepDefinitions.click_pick_button()"><span class='status fail' title='fail'><i class='material-icons'>cancel</i></span>And click pick button</div>
			<textarea disabled class="code-block">org.openqa.selenium.TimeoutException: Expected condition failed: waiting for visibility of element located by By.id: moreCommands (tried for 20 second(s) with 500 milliseconds interval)
Build info: version: '3.141.59', revision: 'e82be7d358', time: '2018-11-14T08:17:03'
System info: host: 'DESKTOP-1PQR32V', ip: '172.16.16.22', os.name: 'Windows 10', os.arch: 'amd64', os.version: '10.0', java.version: '16.0.1'
Driver info: org.openqa.selenium.chrome.ChromeDriver
Capabilities {acceptInsecureCerts: false, browserName: chrome, browserVersion: 92.0.4515.107, chrome: {chromedriverVersion: 91.0.4472.19 (1bf021f248676..., userDataDir: C:\Users\maxma\AppData\Loca...}, goog:chromeOptions: {debuggerAddress: localhost:55979}, javascriptEnabled: true, networkConnectionEnabled: false, pageLoadStrategy: normal, platform: WINDOWS, platformName: WINDOWS, proxy: Proxy(), setWindowRect: true, strictFileInteractability: false, timeouts: {implicit: 0, pageLoad: 300000, script: 30000}, unhandledPromptBehavior: dismiss and notify, webauthn:extension:largeBlob: true, webauthn:virtualAuthenticators: true}
Session ID: ada0dbaed6bda62d49669f7ee32b1631
	at org.openqa.selenium.support.ui.WebDriverWait.timeoutException(WebDriverWait.java:95)
	at org.openqa.selenium.support.ui.FluentWait.until(FluentWait.java:272)
	at StepDefinitions.stepDefinitions.click_pick_button(stepDefinitions.java:266)
	at ✽.click pick button(file:///I:/work/TBL-NRA-DEBT/src/test/resources/FeatureFiles/e_%20Distraint-Action-Maintain%20Debt%20Management%20Case.feature:148)
</textarea>
		</li>
		<li test-id='145' class='node then skip' status='skip'>
			<div class="step-name" title="StepDefinitions.stepDefinitions.switch_to_frame0()"><span class='status skip' title='skip'><i class='material-icons'>redo</i></span>Then switch to frame0</div>
			<div class="node-step">Step skipped</div>
		</li>
		<li test-id='146' class='node then skip' status='skip'>
			<div class="step-name" title="StepDefinitions.stepDefinitions.click_on_reference_number()"><span class='status skip' title='skip'><i class='material-icons'>redo</i></span>Then Click on reference number</div>
			<div class="node-step">Step skipped</div>
		</li>
		<li test-id='147' class='node then skip' status='skip'>
			<div class="step-name" title="StepDefinitions.stepDefinitions.application_status_should_be_something(java.lang.String)"><span class='status skip' title='skip'><i class='material-icons'>redo</i></span>Then Debt status should be "Pending Distraint Action Approval By Commissioner General"</div>
			<div class="node-step">Step skipped</div>
		</li>
		<li test-id='148' class='node and skip' status='skip'>
			<div class="step-name" title="StepDefinitions.stepDefinitions.wait_for_duplicate_check(java.lang.String)"><span class='status skip' title='skip'><i class='material-icons'>redo</i></span>And wait for plan to load "Total Tax Debt"</div>
			<div class="node-step">Step skipped</div>
		</li>
		<li test-id='149' class='node then skip' status='skip'>
			<div class="step-name" title="StepDefinitions.stepDefinitions.switch_to_frame1()"><span class='status skip' title='skip'><i class='material-icons'>redo</i></span>Then switch to frame1</div>
			<div class="node-step">Step skipped</div>
		</li>
		<li test-id='150' class='node and skip' status='skip'>
			<div class="step-name" title="StepDefinitions.stepDefinitions.select_approval_outcome_value_to_approve_something(java.lang.String)"><span class='status skip' title='skip'><i class='material-icons'>redo</i></span>And Select Approval outcome value to Approve "commissionergeneral"</div>
			<div class="node-step">Step skipped</div>
		</li>
		<li test-id='151' class='node then skip' status='skip'>
			<div class="step-name" title="StepDefinitions.stepDefinitions.click_on_Save_button()"><span class='status skip' title='skip'><i class='material-icons'>redo</i></span>Then Click on Save button</div>
			<div class="node-step">Step skipped</div>
		</li>
		<li test-id='152' class='node then skip' status='skip'>
			<div class="step-name" title="StepDefinitions.stepDefinitions.application_status_should_be_something(java.lang.String)"><span class='status skip' title='skip'><i class='material-icons'>redo</i></span>Then Debt status should be "Distraint Action Approved"</div>
			<div class="node-step">Step skipped</div>
		</li>
	</ul>
</div>
<div class='scenario node' test-id='155' status='fail'>
	<div class='category-list'>
		<span class='category label'>@Distraint-Action</span>
	</div>
	<span class='duration right label'>0h 1m 16s+720ms</span>
	<div class="bdd-test">
		<div class="scenario-name"><span class='status fail' title='fail'><i class='material-icons'>cancel</i></span> Scenario: UAT_M8_08-02-05-Verify the Process of Escalated Case - Distraint Action -Debt Officer</div>
	</div>
	<ul class='steps'>
		<li test-id='158' class='node given pass' status='pass'>
			<div class="step-name" title="StepDefinitions.stepDefinitions.open_crm_url_module_as_something(java.lang.String)"><span class='status pass' title='pass'><i class='material-icons'>check_circle</i></span>Given Open CRM URL Module as "tripscrmuser1"</div>
			<div class="node-step"></div>
		</li>
		<li test-id='159' class='node and pass' status='pass'>
			<div class="step-name" title="StepDefinitions.stepDefinitions.close_Popup_Window()"><span class='status pass' title='pass'><i class='material-icons'>check_circle</i></span>And Close Popup Window</div>
			<div class="node-step"></div>
		</li>
		<li test-id='160' class='node and pass' status='pass'>
			<div class="step-name" title="StepDefinitions.stepDefinitions.click_on_case_management_dropdown()"><span class='status pass' title='pass'><i class='material-icons'>check_circle</i></span>And Click on Case management dropdown</div>
			<div class="node-step"></div>
		</li>
		<li test-id='161' class='node and pass' status='pass'>
			<div class="step-name" title="StepDefinitions.stepDefinitions.click_on_revenue_collection_application()"><span class='status pass' title='pass'><i class='material-icons'>check_circle</i></span>And click on Queues</div>
			<div class="node-step"></div>
		</li>
		<li test-id='162' class='node then pass' status='pass'>
			<div class="step-name" title="StepDefinitions.stepDefinitions.switch_to_frame0()"><span class='status pass' title='pass'><i class='material-icons'>check_circle</i></span>Then switch to frame0</div>
			<div class="node-step"></div>
		</li>
		<li test-id='163' class='node and pass' status='pass'>
			<div class="step-name" title="StepDefinitions.stepDefinitions.enters_exemption_reference_number_in_search_results()"><span class='status pass' title='pass'><i class='material-icons'>check_circle</i></span>And enters Debt reference number in search results</div>
			<div class="node-step"></div>
		</li>
		<li test-id='164' class='node and pass' status='pass'>
			<div class="step-name" title="StepDefinitions.stepDefinitions.picks_the_audit_case()"><span class='status pass' title='pass'><i class='material-icons'>check_circle</i></span>And picks the audit case</div>
			<div class="node-step"></div>
		</li>
		<li test-id='165' class='node and fail' status='fail'>
			<div class="step-name" title="StepDefinitions.stepDefinitions.click_pick_button()"><span class='status fail' title='fail'><i class='material-icons'>cancel</i></span>And click pick button</div>
			<textarea disabled class="code-block">org.openqa.selenium.TimeoutException: Expected condition failed: waiting for visibility of element located by By.id: queueitem|NoRelationship|HomePageGrid|tbg.queueitem.HomepageGrid.Pick (tried for 20 second(s) with 500 milliseconds interval)
	at org.openqa.selenium.support.ui.WebDriverWait.timeoutException(WebDriverWait.java:95)
	at org.openqa.selenium.support.ui.FluentWait.until(FluentWait.java:272)
	at StepDefinitions.stepDefinitions.click_pick_button(stepDefinitions.java:269)
	at ✽.click pick button(file:///I:/work/TBL-NRA-DEBT/src/test/resources/FeatureFiles/e_%20Distraint-Action-Maintain%20Debt%20Management%20Case.feature:167)
Caused by: org.openqa.selenium.NoSuchElementException: no such element: Unable to locate element: {"method":"css selector","selector":"#queueitem\|NoRelationship\|HomePageGrid\|tbg\.queueitem\.HomepageGrid\.Pick"}
  (Session info: chrome=92.0.4515.107)
For documentation on this error, please visit: https://www.seleniumhq.org/exceptions/no_such_element.html
Build info: version: '3.141.59', revision: 'e82be7d358', time: '2018-11-14T08:17:03'
System info: host: 'DESKTOP-1PQR32V', ip: '172.16.16.22', os.name: 'Windows 10', os.arch: 'amd64', os.version: '10.0', java.version: '16.0.1'
Driver info: org.openqa.selenium.chrome.ChromeDriver
Capabilities {acceptInsecureCerts: false, browserName: chrome, browserVersion: 92.0.4515.107, chrome: {chromedriverVersion: 91.0.4472.19 (1bf021f248676..., userDataDir: C:\Users\maxma\AppData\Loca...}, goog:chromeOptions: {debuggerAddress: localhost:50047}, javascriptEnabled: true, networkConnectionEnabled: false, pageLoadStrategy: normal, platform: WINDOWS, platformName: WINDOWS, proxy: Proxy(), setWindowRect: true, strictFileInteractability: false, timeouts: {implicit: 0, pageLoad: 300000, script: 30000}, unhandledPromptBehavior: dismiss and notify, webauthn:extension:largeBlob: true, webauthn:virtualAuthenticators: true}
Session ID: 98f6656d0ee5222a2563de1e04f6d9c6
*** Element info: {Using=id, value=queueitem|NoRelationship|HomePageGrid|tbg.queueitem.HomepageGrid.Pick}
	at jdk.internal.reflect.GeneratedConstructorAccessor11.newInstance(Unknown Source)
	at java.base/jdk.internal.reflect.DelegatingConstructorAccessorImpl.newInstance(DelegatingConstructorAccessorImpl.java:45)
	at java.base/java.lang.reflect.Constructor.newInstanceWithCaller(Constructor.java:499)
	at java.base/java.lang.reflect.Constructor.newInstance(Constructor.java:480)
	at org.openqa.selenium.remote.http.W3CHttpResponseCodec.createException(W3CHttpResponseCodec.java:187)
	at org.openqa.selenium.remote.http.W3CHttpResponseCodec.decode(W3CHttpResponseCodec.java:122)
	at org.openqa.selenium.remote.http.W3CHttpResponseCodec.decode(W3CHttpResponseCodec.java:49)
	at org.openqa.selenium.remote.HttpCommandExecutor.execute(HttpCommandExecutor.java:158)
	at org.openqa.selenium.remote.service.DriverCommandExecutor.execute(DriverCommandExecutor.java:83)
	at org.openqa.selenium.remote.RemoteWebDriver.execute(RemoteWebDriver.java:552)
	at org.openqa.selenium.remote.RemoteWebDriver.findElement(RemoteWebDriver.java:323)
	at org.openqa.selenium.remote.RemoteWebDriver.findElementById(RemoteWebDriver.java:372)
	at org.openqa.selenium.By$ById.findElement(By.java:188)
	at org.openqa.selenium.remote.RemoteWebDriver.findElement(RemoteWebDriver.java:315)
	at org.openqa.selenium.support.ui.ExpectedConditions$7.apply(ExpectedConditions.java:205)
	at org.openqa.selenium.support.ui.ExpectedConditions$7.apply(ExpectedConditions.java:201)
	at org.openqa.selenium.support.ui.FluentWait.until(FluentWait.java:249)
	at StepDefinitions.stepDefinitions.click_pick_button(stepDefinitions.java:269)
	at java.base/jdk.internal.reflect.NativeMethodAccessorImpl.invoke0(Native Method)
	at java.base/jdk.internal.reflect.NativeMethodAccessorImpl.invoke(NativeMethodAccessorImpl.java:78)
	at java.base/jdk.internal.reflect.DelegatingMethodAccessorImpl.invoke(DelegatingMethodAccessorImpl.java:43)
	at java.base/java.lang.reflect.Method.invoke(Method.java:567)
	at io.cucumber.java.Invoker.doInvoke(Invoker.java:66)
	at io.cucumber.java.Invoker.invoke(Invoker.java:24)
	at io.cucumber.java.AbstractGlueDefinition.invokeMethod(AbstractGlueDefinition.java:44)
	at io.cucumber.java.JavaStepDefinition.execute(JavaStepDefinition.java:29)
	at io.cucumber.core.runner.CoreStepDefinition.execute(CoreStepDefinition.java:64)
	at io.cucumber.core.runner.PickleStepDefinitionMatch.runStep(PickleStepDefinitionMatch.java:63)
	at io.cucumber.core.runner.TestStep.executeStep(TestStep.java:92)
	at io.cucumber.core.runner.TestStep.run(TestStep.java:63)
	at io.cucumber.core.runner.PickleStepTestStep.run(PickleStepTestStep.java:49)
	at io.cucumber.core.runner.TestCase.run(TestCase.java:99)
	at io.cucumber.core.runner.Runner.runPickle(Runner.java:71)
	at io.cucumber.junit.PickleRunners$NoStepDescriptions.run(PickleRunners.java:140)
	at io.cucumber.junit.FeatureRunner.runChild(FeatureRunner.java:118)
	at io.cucumber.junit.FeatureRunner.runChild(FeatureRunner.java:24)
	at org.junit.runners.ParentRunner$3.run(ParentRunner.java:238)
	at org.junit.runners.ParentRunner$1.schedule(ParentRunner.java:63)
	at org.junit.runners.ParentRunner.runChildren(ParentRunner.java:236)
	at org.junit.runners.ParentRunner.access$000(ParentRunner.java:53)
	at org.junit.runners.ParentRunner$2.evaluate(ParentRunner.java:229)
	at org.junit.runners.ParentRunner.run(ParentRunner.java:309)
	at io.cucumber.junit.Cucumber.runChild(Cucumber.java:192)
	at io.cucumber.junit.Cucumber.runChild(Cucumber.java:88)
	at org.junit.runners.ParentRunner$3.run(ParentRunner.java:238)
	at org.junit.runners.ParentRunner$1.schedule(ParentRunner.java:63)
	at org.junit.runners.ParentRunner.runChildren(ParentRunner.java:236)
	at org.junit.runners.ParentRunner.access$000(ParentRunner.java:53)
	at org.junit.runners.ParentRunner$2.evaluate(ParentRunner.java:229)
	at io.cucumber.junit.Cucumber$RunCucumber.evaluate(Cucumber.java:227)
	at org.junit.runners.ParentRunner.run(ParentRunner.java:309)
	at org.junit.runner.JUnitCore.run(JUnitCore.java:160)
	at com.intellij.junit4.JUnit4IdeaTestRunner.startRunnerWithArgs(JUnit4IdeaTestRunner.java:69)
	at com.intellij.rt.junit.IdeaTestRunner$Repeater.startRunnerWithArgs(IdeaTestRunner.java:33)
	at com.intellij.rt.junit.JUnitStarter.prepareStreamsAndStart(JUnitStarter.java:221)
	at com.intellij.rt.junit.JUnitStarter.main(JUnitStarter.java:54)
</textarea>
		</li>
		<li test-id='166' class='node then skip' status='skip'>
			<div class="step-name" title="StepDefinitions.stepDefinitions.switch_to_frame0()"><span class='status skip' title='skip'><i class='material-icons'>redo</i></span>Then switch to frame0</div>
			<div class="node-step">Step skipped</div>
		</li>
		<li test-id='167' class='node then skip' status='skip'>
			<div class="step-name" title="StepDefinitions.stepDefinitions.click_on_reference_number()"><span class='status skip' title='skip'><i class='material-icons'>redo</i></span>Then Click on reference number</div>
			<div class="node-step">Step skipped</div>
		</li>
		<li test-id='168' class='node then skip' status='skip'>
			<div class="step-name" title="StepDefinitions.stepDefinitions.application_status_should_be_something(java.lang.String)"><span class='status skip' title='skip'><i class='material-icons'>redo</i></span>Then Debt status should be "Distraint Action Approved"</div>
			<div class="node-step">Step skipped</div>
		</li>
		<li test-id='169' class='node and skip' status='skip'>
			<div class="step-name" title="StepDefinitions.stepDefinitions.wait_for_duplicate_check(java.lang.String)"><span class='status skip' title='skip'><i class='material-icons'>redo</i></span>And wait for plan to load "Total Tax Debt"</div>
			<div class="node-step">Step skipped</div>
		</li>
		<li test-id='170' class='node then skip' status='skip'>
			<div class="step-name" title="StepDefinitions.stepDefinitions.switch_to_frame1()"><span class='status skip' title='skip'><i class='material-icons'>redo</i></span>Then switch to frame1</div>
			<div class="node-step">Step skipped</div>
		</li>
		<li test-id='171' class='node then skip' status='skip'>
			<div class="step-name" title="StepDefinitions.stepDefinitions.application_status_should_be_something(java.lang.String)"><span class='status skip' title='skip'><i class='material-icons'>redo</i></span>Then Debt status should be "Distraint Action Approved"</div>
			<div class="node-step">Step skipped</div>
		</li>
	</ul>
</div>
					</div>
				</li>
			</ul>
		</div>
	</div>
	<!-- subview left -->
	<div class='subview-right left'>
		<div class='view-summary'>
			<div id='step-filters' class="right sr-filters">
				<a class="btn-floating waves-effect waves-light green" status="pass" alt="pass" title="pass"><i class="material-icons">check_circle</i></a>
				<a class="btn-floating waves-effect waves-light red" status="fail" alt="fail" title="fail"><i class="material-icons">cancel</i></a>
				<a class="btn-floating waves-effect waves-light red darken-4" status="fatal" alt="fatal" title="fatal"><i class="material-icons">cancel</i></a>
				<a class="btn-floating waves-effect waves-light pink text-lighten-1" status="error" alt="error" title="error"><i class="material-icons">error</i></a>
				<a class="btn-floating waves-effect waves-light orange" alt="warning" status="warning" title="warning"><i class="material-icons">warning</i></a>
				<a class="btn-floating waves-effect waves-light teal" status="skip" alt="skip" title="skip"><i class="material-icons">redo</i></a>
				<a class="btn-floating waves-effect waves-light grey" status="clear" alt="Clear filters" title="Clear filters"><i class="material-icons">clear</i></a>
			</div>
			<h5 class='test-name'></h5>
		</div>
	</div>
	<!-- subview right -->
</div>
<!-- test view --><div id='category-view' class='view hide'>
	<section id='controls'>
		<div class='controls grey lighten-4'>
			<!-- search -->
			<div class='chip transparent' alt='Search Tests' title='Search Tests'>
				<a href="#" class='search-div'>
				<i class='material-icons'>search</i> Search
				</a>
				<div class='input-field left hide'>
					<input id='search-tests' type='text' class='validate browser-default' placeholder='Search Tests...'>
				</div>
			</div>
			<!-- search -->
		</div>
	</section>
	<div class='subview-left left'>
		<div class='view-summary'>
			<ul id='category-collection' class='category-collection'>
				<li class='category displayed active'>
					<div class='category-heading'>
						<span class='category-name'>@Write-Off</span>
						<span class='category-status right'>
						<span class='label pass'>1</span>
						</span>
					</div>
					<div class='category-content hide'>
						<div class='category-status-counts'>
							<span status="pass" class='label green accent-4 white-text'>Passed: 1</span>
							
							
						</div>
						<div class='category-tests'>
							<table class='bordered table-results'>
								<thead>
									<tr>
										<th>Timestamp</th>
										<th>TestName</th>
										<th>Status</th>
									</tr>
								</thead>
								<tbody>
									<tr>
										<td>Jul 26, 2021 02:01:17 PM</td>
										<td class='linked' test-id='2'>UAT_M8-08-01-01-Verify the process of installment agreement-Organization</td>
										<td><span class='test-status pass'>pass</span></td>
									</tr>
								</tbody>
							</table>
						</div>
					</div>
				</li>
				<li class='category displayed active'>
					<div class='category-heading'>
						<span class='category-name'>@Agent-Appointment</span>
						<span class='category-status right'>
						<span class='label pass'>1</span>
						</span>
					</div>
					<div class='category-content hide'>
						<div class='category-status-counts'>
							<span status="pass" class='label green accent-4 white-text'>Passed: 1</span>
							
							
						</div>
						<div class='category-tests'>
							<table class='bordered table-results'>
								<thead>
									<tr>
										<th>Timestamp</th>
										<th>TestName</th>
										<th>Status</th>
									</tr>
								</thead>
								<tbody>
									<tr>
										<td>Jul 26, 2021 02:01:17 PM</td>
										<td class='linked' test-id='2'>UAT_M8-08-01-01-Verify the process of installment agreement-Organization</td>
										<td><span class='test-status pass'>pass</span></td>
									</tr>
								</tbody>
							</table>
						</div>
					</div>
				</li>
				<li class='category displayed active'>
					<div class='category-heading'>
						<span class='category-name'>@Lien-Imposition</span>
						<span class='category-status right'>
						<span class='label pass'>1</span>
						</span>
					</div>
					<div class='category-content hide'>
						<div class='category-status-counts'>
							<span status="pass" class='label green accent-4 white-text'>Passed: 1</span>
							
							
						</div>
						<div class='category-tests'>
							<table class='bordered table-results'>
								<thead>
									<tr>
										<th>Timestamp</th>
										<th>TestName</th>
										<th>Status</th>
									</tr>
								</thead>
								<tbody>
									<tr>
										<td>Jul 26, 2021 02:01:17 PM</td>
										<td class='linked' test-id='2'>UAT_M8-08-01-01-Verify the process of installment agreement-Organization</td>
										<td><span class='test-status pass'>pass</span></td>
									</tr>
								</tbody>
							</table>
						</div>
					</div>
				</li>
				<li class='category displayed active'>
					<div class='category-heading'>
						<span class='category-name'>@Distraint-Action</span>
						<span class='category-status right'>
						<span class='label pass'>1</span>
						<span class='label fail'>7</span>
						</span>
					</div>
					<div class='category-content hide'>
						<div class='category-status-counts'>
							<span status="pass" class='label green accent-4 white-text'>Passed: 1</span>
							<span status="fail" class='label red lighten-1 white-text'>Failed: 7</span>
							
						</div>
						<div class='category-tests'>
							<table class='bordered table-results'>
								<thead>
									<tr>
										<th>Timestamp</th>
										<th>TestName</th>
										<th>Status</th>
									</tr>
								</thead>
								<tbody>
									<tr>
										<td>Jul 26, 2021 02:01:17 PM</td>
										<td class='linked' test-id='2'>UAT_M8-08-01-01-Verify the process of installment agreement-Organization</td>
										<td><span class='test-status pass'>pass</span></td>
									</tr>
									<tr>
										<td>Jul 26, 2021 02:02:34 PM</td>
										<td class='linked' test-id='18'>UAT_M8_08-02-05-Verify the Process of Escalated Case - Distraint Action -Debt Officer</td>
										<td><span class='test-status fail'>fail</span></td>
									</tr>
									<tr>
										<td>Jul 26, 2021 02:07:33 PM</td>
										<td class='linked' test-id='50'>UAT_M8_08-02-05-Verify the Process of Escalated Case - Distraint Action -TaxCollector</td>
										<td><span class='test-status fail'>fail</span></td>
									</tr>
									<tr>
										<td>Jul 26, 2021 02:09:09 PM</td>
										<td class='linked' test-id='71'>UAT_M8_08-02-05-Verify the Process of Escalated Case - Distraint Action -StationManager</td>
										<td><span class='test-status fail'>fail</span></td>
									</tr>
									<tr>
										<td>Jul 26, 2021 02:10:06 PM</td>
										<td class='linked' test-id='92'>UAT_M8_08-02-05-Verify the Process of Escalated Case - Distraint Action -Deputy Commissioner Operations</td>
										<td><span class='test-status fail'>fail</span></td>
									</tr>
									<tr>
										<td>Jul 26, 2021 02:11:26 PM</td>
										<td class='linked' test-id='113'>UAT_M8_08-02-05-Verify the Process of Escalated Case - Distraint Action -Domestic Taxes Commissioner</td>
										<td><span class='test-status fail'>fail</span></td>
									</tr>
									<tr>
										<td>Jul 26, 2021 02:12:31 PM</td>
										<td class='linked' test-id='134'>UAT_M8_08-02-05-Verify the Process of Escalated Case - Distraint Action -Commissioner General</td>
										<td><span class='test-status fail'>fail</span></td>
									</tr>
									<tr>
										<td>Jul 26, 2021 02:13:34 PM</td>
										<td class='linked' test-id='155'>UAT_M8_08-02-05-Verify the Process of Escalated Case - Distraint Action -Debt Officer</td>
										<td><span class='test-status fail'>fail</span></td>
									</tr>
								</tbody>
							</table>
						</div>
					</div>
				</li>
				<li class='category displayed active'>
					<div class='category-heading'>
						<span class='category-name'>@Distraint-Action-reject</span>
						<span class='category-status right'>
						<span class='label pass'>1</span>
						<span class='label fail'>1</span>
						</span>
					</div>
					<div class='category-content hide'>
						<div class='category-status-counts'>
							<span status="pass" class='label green accent-4 white-text'>Passed: 1</span>
							<span status="fail" class='label red lighten-1 white-text'>Failed: 1</span>
							
						</div>
						<div class='category-tests'>
							<table class='bordered table-results'>
								<thead>
									<tr>
										<th>Timestamp</th>
										<th>TestName</th>
										<th>Status</th>
									</tr>
								</thead>
								<tbody>
									<tr>
										<td>Jul 26, 2021 02:01:17 PM</td>
										<td class='linked' test-id='2'>UAT_M8-08-01-01-Verify the process of installment agreement-Organization</td>
										<td><span class='test-status pass'>pass</span></td>
									</tr>
									<tr>
										<td>Jul 26, 2021 02:02:34 PM</td>
										<td class='linked' test-id='18'>UAT_M8_08-02-05-Verify the Process of Escalated Case - Distraint Action -Debt Officer</td>
										<td><span class='test-status fail'>fail</span></td>
									</tr>
								</tbody>
							</table>
						</div>
					</div>
				</li>
				<li class='category displayed active'>
					<div class='category-heading'>
						<span class='category-name'>@Enforcement-Suspension</span>
						<span class='category-status right'>
						<span class='label pass'>1</span>
						</span>
					</div>
					<div class='category-content hide'>
						<div class='category-status-counts'>
							<span status="pass" class='label green accent-4 white-text'>Passed: 1</span>
							
							
						</div>
						<div class='category-tests'>
							<table class='bordered table-results'>
								<thead>
									<tr>
										<th>Timestamp</th>
										<th>TestName</th>
										<th>Status</th>
									</tr>
								</thead>
								<tbody>
									<tr>
										<td>Jul 26, 2021 02:01:17 PM</td>
										<td class='linked' test-id='2'>UAT_M8-08-01-01-Verify the process of installment agreement-Organization</td>
										<td><span class='test-status pass'>pass</span></td>
									</tr>
								</tbody>
							</table>
						</div>
					</div>
				</li>
				<li class='category displayed active'>
					<div class='category-heading'>
						<span class='category-name'>@Legal-Action</span>
						<span class='category-status right'>
						<span class='label pass'>1</span>
						</span>
					</div>
					<div class='category-content hide'>
						<div class='category-status-counts'>
							<span status="pass" class='label green accent-4 white-text'>Passed: 1</span>
							
							
						</div>
						<div class='category-tests'>
							<table class='bordered table-results'>
								<thead>
									<tr>
										<th>Timestamp</th>
										<th>TestName</th>
										<th>Status</th>
									</tr>
								</thead>
								<tbody>
									<tr>
										<td>Jul 26, 2021 02:01:17 PM</td>
										<td class='linked' test-id='2'>UAT_M8-08-01-01-Verify the process of installment agreement-Organization</td>
										<td><span class='test-status pass'>pass</span></td>
									</tr>
								</tbody>
							</table>
						</div>
					</div>
				</li>
				<li class='category displayed active'>
					<div class='category-heading'>
						<span class='category-name'>@Agent-Appointment-close</span>
						<span class='category-status right'>
						<span class='label pass'>1</span>
						</span>
					</div>
					<div class='category-content hide'>
						<div class='category-status-counts'>
							<span status="pass" class='label green accent-4 white-text'>Passed: 1</span>
							
							
						</div>
						<div class='category-tests'>
							<table class='bordered table-results'>
								<thead>
									<tr>
										<th>Timestamp</th>
										<th>TestName</th>
										<th>Status</th>
									</tr>
								</thead>
								<tbody>
									<tr>
										<td>Jul 26, 2021 02:01:17 PM</td>
										<td class='linked' test-id='2'>UAT_M8-08-01-01-Verify the process of installment agreement-Organization</td>
										<td><span class='test-status pass'>pass</span></td>
									</tr>
								</tbody>
							</table>
						</div>
					</div>
				</li>
				<li class='category displayed active'>
					<div class='category-heading'>
						<span class='category-name'>@Verification_of_debt</span>
						<span class='category-status right'>
						<span class='label pass'>1</span>
						</span>
					</div>
					<div class='category-content hide'>
						<div class='category-status-counts'>
							<span status="pass" class='label green accent-4 white-text'>Passed: 1</span>
							
							
						</div>
						<div class='category-tests'>
							<table class='bordered table-results'>
								<thead>
									<tr>
										<th>Timestamp</th>
										<th>TestName</th>
										<th>Status</th>
									</tr>
								</thead>
								<tbody>
									<tr>
										<td>Jul 26, 2021 02:01:17 PM</td>
										<td class='linked' test-id='2'>UAT_M8-08-01-01-Verify the process of installment agreement-Organization</td>
										<td><span class='test-status pass'>pass</span></td>
									</tr>
								</tbody>
							</table>
						</div>
					</div>
				</li>
				<li class='category displayed active'>
					<div class='category-heading'>
						<span class='category-name'>@SUC:08-01</span>
						<span class='category-status right'>
						<span class='label pass'>1</span>
						</span>
					</div>
					<div class='category-content hide'>
						<div class='category-status-counts'>
							<span status="pass" class='label green accent-4 white-text'>Passed: 1</span>
							
							
						</div>
						<div class='category-tests'>
							<table class='bordered table-results'>
								<thead>
									<tr>
										<th>Timestamp</th>
										<th>TestName</th>
										<th>Status</th>
									</tr>
								</thead>
								<tbody>
									<tr>
										<td>Jul 26, 2021 02:01:17 PM</td>
										<td class='linked' test-id='2'>UAT_M8-08-01-01-Verify the process of installment agreement-Organization</td>
										<td><span class='test-status pass'>pass</span></td>
									</tr>
								</tbody>
							</table>
						</div>
					</div>
				</li>
				<li class='category displayed active'>
					<div class='category-heading'>
						<span class='category-name'>@UAT_M8-08-01-01</span>
						<span class='category-status right'>
						<span class='label pass'>1</span>
						</span>
					</div>
					<div class='category-content hide'>
						<div class='category-status-counts'>
							<span status="pass" class='label green accent-4 white-text'>Passed: 1</span>
							
							
						</div>
						<div class='category-tests'>
							<table class='bordered table-results'>
								<thead>
									<tr>
										<th>Timestamp</th>
										<th>TestName</th>
										<th>Status</th>
									</tr>
								</thead>
								<tbody>
									<tr>
										<td>Jul 26, 2021 02:01:17 PM</td>
										<td class='linked' test-id='2'>UAT_M8-08-01-01-Verify the process of installment agreement-Organization</td>
										<td><span class='test-status pass'>pass</span></td>
									</tr>
								</tbody>
							</table>
						</div>
					</div>
				</li>
				<li class='category displayed active'>
					<div class='category-heading'>
						<span class='category-name'>@UAT_M8-08-01-02</span>
						<span class='category-status right'>
						<span class='label pass'>1</span>
						</span>
					</div>
					<div class='category-content hide'>
						<div class='category-status-counts'>
							<span status="pass" class='label green accent-4 white-text'>Passed: 1</span>
							
							
						</div>
						<div class='category-tests'>
							<table class='bordered table-results'>
								<thead>
									<tr>
										<th>Timestamp</th>
										<th>TestName</th>
										<th>Status</th>
									</tr>
								</thead>
								<tbody>
									<tr>
										<td>Jul 26, 2021 02:01:17 PM</td>
										<td class='linked' test-id='2'>UAT_M8-08-01-01-Verify the process of installment agreement-Organization</td>
										<td><span class='test-status pass'>pass</span></td>
									</tr>
								</tbody>
							</table>
						</div>
					</div>
				</li>
			</ul>
		</div>
	</div>
	<div class='subview-right left'>
		<div class='view-summary'>
			<h5 class='category-name'></h5>
		</div>
	</div>
</div>
<!-- category view --><div id='exception-view' class='view hide'>
	<section id='controls'>
		<div class='controls grey lighten-4'>
			<!-- search -->
			<div class='chip transparent' alt='Search Tests' title='Search Tests'>
				<a href="#" class='search-div'>
				<i class='material-icons'>search</i> Search
				</a>
				<div class='input-field left hide'>
					<input id='search-tests' type='text' class='validate browser-default' placeholder='Search Tests...'>
				</div>
			</div>
			<!-- search -->
		</div>
	</section>
	<div class='subview-left left'>
		<div class='view-summary'>
			<ul id='exception-collection' class='exception-collection'>
				<li class='exception displayed active'>
					<div class='exception-heading'>
						<span class='exception-name'>org.openqa.selenium.NoSuchElementException</span>
						<span class='exception-count right'><span class='label red lighten-1 white-text'>1</span></span>
					</div>
					<div class='exception-content hide'>
						<div class='exception-tests'>
							<table class='bordered table-results'>
								<thead>
									<tr>
										<th>Timestamp</th>
										<th>TestName</th>
										<th>Status</th>
									</tr>
								</thead>
								<tbody>
									<tr>
										<td>Jul 26, 2021 02:07:27 PM</td>
										<td class='linked' test-id='37'>When user clicks add Asset Summary Personal Property</td>
										<td>
											<textarea disabled class="code-block">org.openqa.selenium.NoSuchElementException: no such element: Unable to locate element: {"method":"xpath","selector":"/html/body/trips-app/div/app-debt-management/app-lien-imposition/div/form/div[1]/div[4]/div/div/app-asset-summary/div/div/button[1]"}
  (Session info: chrome=92.0.4515.107)
For documentation on this error, please visit: https://www.seleniumhq.org/exceptions/no_such_element.html
Build info: version: '3.141.59', revision: 'e82be7d358', time: '2018-11-14T08:17:03'
System info: host: 'DESKTOP-1PQR32V', ip: '172.16.16.22', os.name: 'Windows 10', os.arch: 'amd64', os.version: '10.0', java.version: '16.0.1'
Driver info: org.openqa.selenium.chrome.ChromeDriver
Capabilities {acceptInsecureCerts: false, browserName: chrome, browserVersion: 92.0.4515.107, chrome: {chromedriverVersion: 91.0.4472.19 (1bf021f248676..., userDataDir: C:\Users\maxma\AppData\Loca...}, goog:chromeOptions: {debuggerAddress: localhost:65054}, javascriptEnabled: true, networkConnectionEnabled: false, pageLoadStrategy: normal, platform: WINDOWS, platformName: WINDOWS, proxy: Proxy(), setWindowRect: true, strictFileInteractability: false, timeouts: {implicit: 0, pageLoad: 300000, script: 30000}, unhandledPromptBehavior: dismiss and notify, webauthn:extension:largeBlob: true, webauthn:virtualAuthenticators: true}
Session ID: 99ad10f71b8116c586dd8facd7fde897
*** Element info: {Using=xpath, value=/html/body/trips-app/div/app-debt-management/app-lien-imposition/div/form/div[1]/div[4]/div/div/app-asset-summary/div/div/button[1]}
	at jdk.internal.reflect.GeneratedConstructorAccessor11.newInstance(Unknown Source)
	at java.base/jdk.internal.reflect.DelegatingConstructorAccessorImpl.newInstance(DelegatingConstructorAccessorImpl.java:45)
	at java.base/java.lang.reflect.Constructor.newInstanceWithCaller(Constructor.java:499)
	at java.base/java.lang.reflect.Constructor.newInstance(Constructor.java:480)
	at org.openqa.selenium.remote.http.W3CHttpResponseCodec.createException(W3CHttpResponseCodec.java:187)
	at org.openqa.selenium.remote.http.W3CHttpResponseCodec.decode(W3CHttpResponseCodec.java:122)
	at org.openqa.selenium.remote.http.W3CHttpResponseCodec.decode(W3CHttpResponseCodec.java:49)
	at org.openqa.selenium.remote.HttpCommandExecutor.execute(HttpCommandExecutor.java:158)
	at org.openqa.selenium.remote.service.DriverCommandExecutor.execute(DriverCommandExecutor.java:83)
	at org.openqa.selenium.remote.RemoteWebDriver.execute(RemoteWebDriver.java:552)
	at org.openqa.selenium.remote.RemoteWebDriver.findElement(RemoteWebDriver.java:323)
	at org.openqa.selenium.remote.RemoteWebDriver.findElementByXPath(RemoteWebDriver.java:428)
	at org.openqa.selenium.By$ByXPath.findElement(By.java:353)
	at org.openqa.selenium.remote.RemoteWebDriver.findElement(RemoteWebDriver.java:315)
	at StepDefinitions.stepDefinitions.user_clicks_add_asset_summary_personal_property(stepDefinitions.java:544)
	at ✽.user clicks add Asset Summary Personal Property(file:///I:/work/TBL-NRA-DEBT/src/test/resources/FeatureFiles/e_%20Distraint-Action-Maintain%20Debt%20Management%20Case.feature:21)
</textarea>
										</td>
									</tr>
								</tbody>
							</table>
						</div>
					</div>
				</li>
				<li class='exception displayed active'>
					<div class='exception-heading'>
						<span class='exception-name'>org.openqa.selenium.TimeoutException</span>
						<span class='exception-count right'><span class='label red lighten-1 white-text'>6</span></span>
					</div>
					<div class='exception-content hide'>
						<div class='exception-tests'>
							<table class='bordered table-results'>
								<thead>
									<tr>
										<th>Timestamp</th>
										<th>TestName</th>
										<th>Status</th>
									</tr>
								</thead>
								<tbody>
									<tr>
										<td>Jul 26, 2021 02:08:07 PM</td>
										<td class='linked' test-id='60'>And pick the debt case</td>
										<td>
											<textarea disabled class="code-block">org.openqa.selenium.TimeoutException: Expected condition failed: waiting for visibility of element located by By.xpath: //*[@id="queueitem|NoRelationship|HomePageGrid|tbg.queueitem.HomepageGrid.Pick"]/span (tried for 60 second(s) with 500 milliseconds interval)
	at org.openqa.selenium.support.ui.WebDriverWait.timeoutException(WebDriverWait.java:95)
	at org.openqa.selenium.support.ui.FluentWait.until(FluentWait.java:272)
	at StepDefinitions.stepDefinitions.pick_the_debt_case(stepDefinitions.java:251)
	at ✽.pick the debt case(file:///I:/work/TBL-NRA-DEBT/src/test/resources/FeatureFiles/e_%20Distraint-Action-Maintain%20Debt%20Management%20Case.feature:72)
Caused by: org.openqa.selenium.NoSuchElementException: no such element: Unable to locate element: {"method":"xpath","selector":"//*[@id="queueitem|NoRelationship|HomePageGrid|tbg.queueitem.HomepageGrid.Pick"]/span"}
  (Session info: chrome=92.0.4515.107)
For documentation on this error, please visit: https://www.seleniumhq.org/exceptions/no_such_element.html
Build info: version: '3.141.59', revision: 'e82be7d358', time: '2018-11-14T08:17:03'
System info: host: 'DESKTOP-1PQR32V', ip: '172.16.16.22', os.name: 'Windows 10', os.arch: 'amd64', os.version: '10.0', java.version: '16.0.1'
Driver info: org.openqa.selenium.chrome.ChromeDriver
Capabilities {acceptInsecureCerts: false, browserName: chrome, browserVersion: 92.0.4515.107, chrome: {chromedriverVersion: 91.0.4472.19 (1bf021f248676..., userDataDir: C:\Users\maxma\AppData\Loca...}, goog:chromeOptions: {debuggerAddress: localhost:61026}, javascriptEnabled: true, networkConnectionEnabled: false, pageLoadStrategy: normal, platform: WINDOWS, platformName: WINDOWS, proxy: Proxy(), setWindowRect: true, strictFileInteractability: false, timeouts: {implicit: 0, pageLoad: 300000, script: 30000}, unhandledPromptBehavior: dismiss and notify, webauthn:extension:largeBlob: true, webauthn:virtualAuthenticators: true}
Session ID: 696794bb4c2fd157546681734aa4aaf9
*** Element info: {Using=xpath, value=//*[@id="queueitem|NoRelationship|HomePageGrid|tbg.queueitem.HomepageGrid.Pick"]/span}
	at jdk.internal.reflect.GeneratedConstructorAccessor11.newInstance(Unknown Source)
	at java.base/jdk.internal.reflect.DelegatingConstructorAccessorImpl.newInstance(DelegatingConstructorAccessorImpl.java:45)
	at java.base/java.lang.reflect.Constructor.newInstanceWithCaller(Constructor.java:499)
	at java.base/java.lang.reflect.Constructor.newInstance(Constructor.java:480)
	at org.openqa.selenium.remote.http.W3CHttpResponseCodec.createException(W3CHttpResponseCodec.java:187)
	at org.openqa.selenium.remote.http.W3CHttpResponseCodec.decode(W3CHttpResponseCodec.java:122)
	at org.openqa.selenium.remote.http.W3CHttpResponseCodec.decode(W3CHttpResponseCodec.java:49)
	at org.openqa.selenium.remote.HttpCommandExecutor.execute(HttpCommandExecutor.java:158)
	at org.openqa.selenium.remote.service.DriverCommandExecutor.execute(DriverCommandExecutor.java:83)
	at org.openqa.selenium.remote.RemoteWebDriver.execute(RemoteWebDriver.java:552)
	at org.openqa.selenium.remote.RemoteWebDriver.findElement(RemoteWebDriver.java:323)
	at org.openqa.selenium.remote.RemoteWebDriver.findElementByXPath(RemoteWebDriver.java:428)
	at org.openqa.selenium.By$ByXPath.findElement(By.java:353)
	at org.openqa.selenium.remote.RemoteWebDriver.findElement(RemoteWebDriver.java:315)
	at org.openqa.selenium.support.ui.ExpectedConditions$7.apply(ExpectedConditions.java:205)
	at org.openqa.selenium.support.ui.ExpectedConditions$7.apply(ExpectedConditions.java:201)
	at org.openqa.selenium.support.ui.FluentWait.until(FluentWait.java:249)
	at StepDefinitions.stepDefinitions.pick_the_debt_case(stepDefinitions.java:251)
	at java.base/jdk.internal.reflect.NativeMethodAccessorImpl.invoke0(Native Method)
	at java.base/jdk.internal.reflect.NativeMethodAccessorImpl.invoke(NativeMethodAccessorImpl.java:78)
	at java.base/jdk.internal.reflect.DelegatingMethodAccessorImpl.invoke(DelegatingMethodAccessorImpl.java:43)
	at java.base/java.lang.reflect.Method.invoke(Method.java:567)
	at io.cucumber.java.Invoker.doInvoke(Invoker.java:66)
	at io.cucumber.java.Invoker.invoke(Invoker.java:24)
	at io.cucumber.java.AbstractGlueDefinition.invokeMethod(AbstractGlueDefinition.java:44)
	at io.cucumber.java.JavaStepDefinition.execute(JavaStepDefinition.java:29)
	at io.cucumber.core.runner.CoreStepDefinition.execute(CoreStepDefinition.java:64)
	at io.cucumber.core.runner.PickleStepDefinitionMatch.runStep(PickleStepDefinitionMatch.java:63)
	at io.cucumber.core.runner.TestStep.executeStep(TestStep.java:92)
	at io.cucumber.core.runner.TestStep.run(TestStep.java:63)
	at io.cucumber.core.runner.PickleStepTestStep.run(PickleStepTestStep.java:49)
	at io.cucumber.core.runner.TestCase.run(TestCase.java:99)
	at io.cucumber.core.runner.Runner.runPickle(Runner.java:71)
	at io.cucumber.junit.PickleRunners$NoStepDescriptions.run(PickleRunners.java:140)
	at io.cucumber.junit.FeatureRunner.runChild(FeatureRunner.java:118)
	at io.cucumber.junit.FeatureRunner.runChild(FeatureRunner.java:24)
	at org.junit.runners.ParentRunner$3.run(ParentRunner.java:238)
	at org.junit.runners.ParentRunner$1.schedule(ParentRunner.java:63)
	at org.junit.runners.ParentRunner.runChildren(ParentRunner.java:236)
	at org.junit.runners.ParentRunner.access$000(ParentRunner.java:53)
	at org.junit.runners.ParentRunner$2.evaluate(ParentRunner.java:229)
	at org.junit.runners.ParentRunner.run(ParentRunner.java:309)
	at io.cucumber.junit.Cucumber.runChild(Cucumber.java:192)
	at io.cucumber.junit.Cucumber.runChild(Cucumber.java:88)
	at org.junit.runners.ParentRunner$3.run(ParentRunner.java:238)
	at org.junit.runners.ParentRunner$1.schedule(ParentRunner.java:63)
	at org.junit.runners.ParentRunner.runChildren(ParentRunner.java:236)
	at org.junit.runners.ParentRunner.access$000(ParentRunner.java:53)
	at org.junit.runners.ParentRunner$2.evaluate(ParentRunner.java:229)
	at io.cucumber.junit.Cucumber$RunCucumber.evaluate(Cucumber.java:227)
	at org.junit.runners.ParentRunner.run(ParentRunner.java:309)
	at org.junit.runner.JUnitCore.run(JUnitCore.java:160)
	at com.intellij.junit4.JUnit4IdeaTestRunner.startRunnerWithArgs(JUnit4IdeaTestRunner.java:69)
	at com.intellij.rt.junit.IdeaTestRunner$Repeater.startRunnerWithArgs(IdeaTestRunner.java:33)
	at com.intellij.rt.junit.JUnitStarter.prepareStreamsAndStart(JUnitStarter.java:221)
	at com.intellij.rt.junit.JUnitStarter.main(JUnitStarter.java:54)
</textarea>
										</td>
									</tr>
									<tr>
										<td>Jul 26, 2021 02:09:44 PM</td>
										<td class='linked' test-id='81'>And click pick button</td>
										<td>
											<textarea disabled class="code-block">org.openqa.selenium.TimeoutException: Expected condition failed: waiting for visibility of element located by By.id: moreCommands (tried for 20 second(s) with 500 milliseconds interval)
Build info: version: '3.141.59', revision: 'e82be7d358', time: '2018-11-14T08:17:03'
System info: host: 'DESKTOP-1PQR32V', ip: '172.16.16.22', os.name: 'Windows 10', os.arch: 'amd64', os.version: '10.0', java.version: '16.0.1'
Driver info: org.openqa.selenium.chrome.ChromeDriver
Capabilities {acceptInsecureCerts: false, browserName: chrome, browserVersion: 92.0.4515.107, chrome: {chromedriverVersion: 91.0.4472.19 (1bf021f248676..., userDataDir: C:\Users\maxma\AppData\Loca...}, goog:chromeOptions: {debuggerAddress: localhost:59267}, javascriptEnabled: true, networkConnectionEnabled: false, pageLoadStrategy: normal, platform: WINDOWS, platformName: WINDOWS, proxy: Proxy(), setWindowRect: true, strictFileInteractability: false, timeouts: {implicit: 0, pageLoad: 300000, script: 30000}, unhandledPromptBehavior: dismiss and notify, webauthn:extension:largeBlob: true, webauthn:virtualAuthenticators: true}
Session ID: f76bdd06bd9eb0fa857cbc31466516ae
	at org.openqa.selenium.support.ui.WebDriverWait.timeoutException(WebDriverWait.java:95)
	at org.openqa.selenium.support.ui.FluentWait.until(FluentWait.java:272)
	at StepDefinitions.stepDefinitions.click_pick_button(stepDefinitions.java:266)
	at ✽.click pick button(file:///I:/work/TBL-NRA-DEBT/src/test/resources/FeatureFiles/e_%20Distraint-Action-Maintain%20Debt%20Management%20Case.feature:91)
</textarea>
										</td>
									</tr>
									<tr>
										<td>Jul 26, 2021 02:11:05 PM</td>
										<td class='linked' test-id='102'>And click pick button</td>
										<td>
											<textarea disabled class="code-block">org.openqa.selenium.TimeoutException: Expected condition failed: waiting for visibility of element located by By.id: moreCommands (tried for 20 second(s) with 500 milliseconds interval)
Build info: version: '3.141.59', revision: 'e82be7d358', time: '2018-11-14T08:17:03'
System info: host: 'DESKTOP-1PQR32V', ip: '172.16.16.22', os.name: 'Windows 10', os.arch: 'amd64', os.version: '10.0', java.version: '16.0.1'
Driver info: org.openqa.selenium.chrome.ChromeDriver
Capabilities {acceptInsecureCerts: false, browserName: chrome, browserVersion: 92.0.4515.107, chrome: {chromedriverVersion: 91.0.4472.19 (1bf021f248676..., userDataDir: C:\Users\maxma\AppData\Loca...}, goog:chromeOptions: {debuggerAddress: localhost:54090}, javascriptEnabled: true, networkConnectionEnabled: false, pageLoadStrategy: normal, platform: WINDOWS, platformName: WINDOWS, proxy: Proxy(), setWindowRect: true, strictFileInteractability: false, timeouts: {implicit: 0, pageLoad: 300000, script: 30000}, unhandledPromptBehavior: dismiss and notify, webauthn:extension:largeBlob: true, webauthn:virtualAuthenticators: true}
Session ID: 3184d139c57bea48447e3df4ef75ad02
	at org.openqa.selenium.support.ui.WebDriverWait.timeoutException(WebDriverWait.java:95)
	at org.openqa.selenium.support.ui.FluentWait.until(FluentWait.java:272)
	at StepDefinitions.stepDefinitions.click_pick_button(stepDefinitions.java:266)
	at ✽.click pick button(file:///I:/work/TBL-NRA-DEBT/src/test/resources/FeatureFiles/e_%20Distraint-Action-Maintain%20Debt%20Management%20Case.feature:110)
</textarea>
										</td>
									</tr>
									<tr>
										<td>Jul 26, 2021 02:12:10 PM</td>
										<td class='linked' test-id='123'>And click pick button</td>
										<td>
											<textarea disabled class="code-block">org.openqa.selenium.TimeoutException: Expected condition failed: waiting for visibility of element located by By.id: moreCommands (tried for 20 second(s) with 500 milliseconds interval)
Build info: version: '3.141.59', revision: 'e82be7d358', time: '2018-11-14T08:17:03'
System info: host: 'DESKTOP-1PQR32V', ip: '172.16.16.22', os.name: 'Windows 10', os.arch: 'amd64', os.version: '10.0', java.version: '16.0.1'
Driver info: org.openqa.selenium.chrome.ChromeDriver
Capabilities {acceptInsecureCerts: false, browserName: chrome, browserVersion: 92.0.4515.107, chrome: {chromedriverVersion: 91.0.4472.19 (1bf021f248676..., userDataDir: C:\Users\maxma\AppData\Loca...}, goog:chromeOptions: {debuggerAddress: localhost:57043}, javascriptEnabled: true, networkConnectionEnabled: false, pageLoadStrategy: normal, platform: WINDOWS, platformName: WINDOWS, proxy: Proxy(), setWindowRect: true, strictFileInteractability: false, timeouts: {implicit: 0, pageLoad: 300000, script: 30000}, unhandledPromptBehavior: dismiss and notify, webauthn:extension:largeBlob: true, webauthn:virtualAuthenticators: true}
Session ID: 636bc6a926f88245ab8a46065ce0c9aa
	at org.openqa.selenium.support.ui.WebDriverWait.timeoutException(WebDriverWait.java:95)
	at org.openqa.selenium.support.ui.FluentWait.until(FluentWait.java:272)
	at StepDefinitions.stepDefinitions.click_pick_button(stepDefinitions.java:266)
	at ✽.click pick button(file:///I:/work/TBL-NRA-DEBT/src/test/resources/FeatureFiles/e_%20Distraint-Action-Maintain%20Debt%20Management%20Case.feature:129)
</textarea>
										</td>
									</tr>
									<tr>
										<td>Jul 26, 2021 02:13:13 PM</td>
										<td class='linked' test-id='144'>And click pick button</td>
										<td>
											<textarea disabled class="code-block">org.openqa.selenium.TimeoutException: Expected condition failed: waiting for visibility of element located by By.id: moreCommands (tried for 20 second(s) with 500 milliseconds interval)
Build info: version: '3.141.59', revision: 'e82be7d358', time: '2018-11-14T08:17:03'
System info: host: 'DESKTOP-1PQR32V', ip: '172.16.16.22', os.name: 'Windows 10', os.arch: 'amd64', os.version: '10.0', java.version: '16.0.1'
Driver info: org.openqa.selenium.chrome.ChromeDriver
Capabilities {acceptInsecureCerts: false, browserName: chrome, browserVersion: 92.0.4515.107, chrome: {chromedriverVersion: 91.0.4472.19 (1bf021f248676..., userDataDir: C:\Users\maxma\AppData\Loca...}, goog:chromeOptions: {debuggerAddress: localhost:55979}, javascriptEnabled: true, networkConnectionEnabled: false, pageLoadStrategy: normal, platform: WINDOWS, platformName: WINDOWS, proxy: Proxy(), setWindowRect: true, strictFileInteractability: false, timeouts: {implicit: 0, pageLoad: 300000, script: 30000}, unhandledPromptBehavior: dismiss and notify, webauthn:extension:largeBlob: true, webauthn:virtualAuthenticators: true}
Session ID: ada0dbaed6bda62d49669f7ee32b1631
	at org.openqa.selenium.support.ui.WebDriverWait.timeoutException(WebDriverWait.java:95)
	at org.openqa.selenium.support.ui.FluentWait.until(FluentWait.java:272)
	at StepDefinitions.stepDefinitions.click_pick_button(stepDefinitions.java:266)
	at ✽.click pick button(file:///I:/work/TBL-NRA-DEBT/src/test/resources/FeatureFiles/e_%20Distraint-Action-Maintain%20Debt%20Management%20Case.feature:148)
</textarea>
										</td>
									</tr>
									<tr>
										<td>Jul 26, 2021 02:14:20 PM</td>
										<td class='linked' test-id='165'>And click pick button</td>
										<td>
											<textarea disabled class="code-block">org.openqa.selenium.TimeoutException: Expected condition failed: waiting for visibility of element located by By.id: queueitem|NoRelationship|HomePageGrid|tbg.queueitem.HomepageGrid.Pick (tried for 20 second(s) with 500 milliseconds interval)
	at org.openqa.selenium.support.ui.WebDriverWait.timeoutException(WebDriverWait.java:95)
	at org.openqa.selenium.support.ui.FluentWait.until(FluentWait.java:272)
	at StepDefinitions.stepDefinitions.click_pick_button(stepDefinitions.java:269)
	at ✽.click pick button(file:///I:/work/TBL-NRA-DEBT/src/test/resources/FeatureFiles/e_%20Distraint-Action-Maintain%20Debt%20Management%20Case.feature:167)
Caused by: org.openqa.selenium.NoSuchElementException: no such element: Unable to locate element: {"method":"css selector","selector":"#queueitem\|NoRelationship\|HomePageGrid\|tbg\.queueitem\.HomepageGrid\.Pick"}
  (Session info: chrome=92.0.4515.107)
For documentation on this error, please visit: https://www.seleniumhq.org/exceptions/no_such_element.html
Build info: version: '3.141.59', revision: 'e82be7d358', time: '2018-11-14T08:17:03'
System info: host: 'DESKTOP-1PQR32V', ip: '172.16.16.22', os.name: 'Windows 10', os.arch: 'amd64', os.version: '10.0', java.version: '16.0.1'
Driver info: org.openqa.selenium.chrome.ChromeDriver
Capabilities {acceptInsecureCerts: false, browserName: chrome, browserVersion: 92.0.4515.107, chrome: {chromedriverVersion: 91.0.4472.19 (1bf021f248676..., userDataDir: C:\Users\maxma\AppData\Loca...}, goog:chromeOptions: {debuggerAddress: localhost:50047}, javascriptEnabled: true, networkConnectionEnabled: false, pageLoadStrategy: normal, platform: WINDOWS, platformName: WINDOWS, proxy: Proxy(), setWindowRect: true, strictFileInteractability: false, timeouts: {implicit: 0, pageLoad: 300000, script: 30000}, unhandledPromptBehavior: dismiss and notify, webauthn:extension:largeBlob: true, webauthn:virtualAuthenticators: true}
Session ID: 98f6656d0ee5222a2563de1e04f6d9c6
*** Element info: {Using=id, value=queueitem|NoRelationship|HomePageGrid|tbg.queueitem.HomepageGrid.Pick}
	at jdk.internal.reflect.GeneratedConstructorAccessor11.newInstance(Unknown Source)
	at java.base/jdk.internal.reflect.DelegatingConstructorAccessorImpl.newInstance(DelegatingConstructorAccessorImpl.java:45)
	at java.base/java.lang.reflect.Constructor.newInstanceWithCaller(Constructor.java:499)
	at java.base/java.lang.reflect.Constructor.newInstance(Constructor.java:480)
	at org.openqa.selenium.remote.http.W3CHttpResponseCodec.createException(W3CHttpResponseCodec.java:187)
	at org.openqa.selenium.remote.http.W3CHttpResponseCodec.decode(W3CHttpResponseCodec.java:122)
	at org.openqa.selenium.remote.http.W3CHttpResponseCodec.decode(W3CHttpResponseCodec.java:49)
	at org.openqa.selenium.remote.HttpCommandExecutor.execute(HttpCommandExecutor.java:158)
	at org.openqa.selenium.remote.service.DriverCommandExecutor.execute(DriverCommandExecutor.java:83)
	at org.openqa.selenium.remote.RemoteWebDriver.execute(RemoteWebDriver.java:552)
	at org.openqa.selenium.remote.RemoteWebDriver.findElement(RemoteWebDriver.java:323)
	at org.openqa.selenium.remote.RemoteWebDriver.findElementById(RemoteWebDriver.java:372)
	at org.openqa.selenium.By$ById.findElement(By.java:188)
	at org.openqa.selenium.remote.RemoteWebDriver.findElement(RemoteWebDriver.java:315)
	at org.openqa.selenium.support.ui.ExpectedConditions$7.apply(ExpectedConditions.java:205)
	at org.openqa.selenium.support.ui.ExpectedConditions$7.apply(ExpectedConditions.java:201)
	at org.openqa.selenium.support.ui.FluentWait.until(FluentWait.java:249)
	at StepDefinitions.stepDefinitions.click_pick_button(stepDefinitions.java:269)
	at java.base/jdk.internal.reflect.NativeMethodAccessorImpl.invoke0(Native Method)
	at java.base/jdk.internal.reflect.NativeMethodAccessorImpl.invoke(NativeMethodAccessorImpl.java:78)
	at java.base/jdk.internal.reflect.DelegatingMethodAccessorImpl.invoke(DelegatingMethodAccessorImpl.java:43)
	at java.base/java.lang.reflect.Method.invoke(Method.java:567)
	at io.cucumber.java.Invoker.doInvoke(Invoker.java:66)
	at io.cucumber.java.Invoker.invoke(Invoker.java:24)
	at io.cucumber.java.AbstractGlueDefinition.invokeMethod(AbstractGlueDefinition.java:44)
	at io.cucumber.java.JavaStepDefinition.execute(JavaStepDefinition.java:29)
	at io.cucumber.core.runner.CoreStepDefinition.execute(CoreStepDefinition.java:64)
	at io.cucumber.core.runner.PickleStepDefinitionMatch.runStep(PickleStepDefinitionMatch.java:63)
	at io.cucumber.core.runner.TestStep.executeStep(TestStep.java:92)
	at io.cucumber.core.runner.TestStep.run(TestStep.java:63)
	at io.cucumber.core.runner.PickleStepTestStep.run(PickleStepTestStep.java:49)
	at io.cucumber.core.runner.TestCase.run(TestCase.java:99)
	at io.cucumber.core.runner.Runner.runPickle(Runner.java:71)
	at io.cucumber.junit.PickleRunners$NoStepDescriptions.run(PickleRunners.java:140)
	at io.cucumber.junit.FeatureRunner.runChild(FeatureRunner.java:118)
	at io.cucumber.junit.FeatureRunner.runChild(FeatureRunner.java:24)
	at org.junit.runners.ParentRunner$3.run(ParentRunner.java:238)
	at org.junit.runners.ParentRunner$1.schedule(ParentRunner.java:63)
	at org.junit.runners.ParentRunner.runChildren(ParentRunner.java:236)
	at org.junit.runners.ParentRunner.access$000(ParentRunner.java:53)
	at org.junit.runners.ParentRunner$2.evaluate(ParentRunner.java:229)
	at org.junit.runners.ParentRunner.run(ParentRunner.java:309)
	at io.cucumber.junit.Cucumber.runChild(Cucumber.java:192)
	at io.cucumber.junit.Cucumber.runChild(Cucumber.java:88)
	at org.junit.runners.ParentRunner$3.run(ParentRunner.java:238)
	at org.junit.runners.ParentRunner$1.schedule(ParentRunner.java:63)
	at org.junit.runners.ParentRunner.runChildren(ParentRunner.java:236)
	at org.junit.runners.ParentRunner.access$000(ParentRunner.java:53)
	at org.junit.runners.ParentRunner$2.evaluate(ParentRunner.java:229)
	at io.cucumber.junit.Cucumber$RunCucumber.evaluate(Cucumber.java:227)
	at org.junit.runners.ParentRunner.run(ParentRunner.java:309)
	at org.junit.runner.JUnitCore.run(JUnitCore.java:160)
	at com.intellij.junit4.JUnit4IdeaTestRunner.startRunnerWithArgs(JUnit4IdeaTestRunner.java:69)
	at com.intellij.rt.junit.IdeaTestRunner$Repeater.startRunnerWithArgs(IdeaTestRunner.java:33)
	at com.intellij.rt.junit.JUnitStarter.prepareStreamsAndStart(JUnitStarter.java:221)
	at com.intellij.rt.junit.JUnitStarter.main(JUnitStarter.java:54)
</textarea>
										</td>
									</tr>
								</tbody>
							</table>
						</div>
					</div>
				</li>
			</ul>
		</div>
	</div>
	<div class='subview-right left'>
		<div class='view-summary'>
			<h5 class='exception-name'></h5>
		</div>
	</div>
</div>
<!-- exception view --><div id='dashboard-view' class='view hide'>
	<div class='card-panel transparent np-v'>
		<h5>Dashboard</h5>

		<div class='row'>
			<div class='col s2'>
				<div class='card-panel r'>
					Features
					<div class='panel-lead'>2</div>
				</div>
			</div>
			<div class='col s2'>
				<div class='card-panel r'>
					Scenarios
					<div class='panel-lead'>8</div>
				</div>
			</div>
			<div class='col s2'>
				<div class='card-panel r'>
					Steps
					<div class='panel-lead'>131</div>
				</div>
			</div>
			<div class='col s2'>
				<div class='card-panel r'>
					Start
					<div class='panel-lead'>Jul 26, 2021 02:01:14 PM</div>
				</div>
			</div>
			<div class='col s2'>
				<div class='card-panel r'>
			 		End
			 		<div class='panel-lead'>Jul 26, 2021 02:14:51 PM</div>
				</div>
			</div>
			<div class='col s2'>
				<div class='card-panel r'>
					Time Taken
					<div class='panel-lead'>0h 13m 37s+477ms</div>
				</div>
			</div>
			<div class='col s6'>
				<div class='card-panel dashboard-categories'>
					<span class='right label cyan white-text'>Categories</span><p>&nbsp;</p>
					
					<table>
						<tr>
							<th>Name</th>
							<th>Passed</th>
							<th>Failed</th>
							<th>Skipped</th>
							<th>Passed %</th>
						</tr>
						<tr>
							<td>@Write-Off</td>
							<td>1</td>
							<td>0</td>
							<td>0</td>
							<td>
									100%
							</td>
						</tr>
						<tr>
							<td>@Agent-Appointment</td>
							<td>1</td>
							<td>0</td>
							<td>0</td>
							<td>
									100%
							</td>
						</tr>
						<tr>
							<td>@Lien-Imposition</td>
							<td>1</td>
							<td>0</td>
							<td>0</td>
							<td>
									100%
							</td>
						</tr>
						<tr>
							<td>@Distraint-Action</td>
							<td>1</td>
							<td>7</td>
							<td>0</td>
							<td>
									12.5%
							</td>
						</tr>
						<tr>
							<td>@Distraint-Action-reject</td>
							<td>1</td>
							<td>1</td>
							<td>0</td>
							<td>
									50%
							</td>
						</tr>
						<tr>
							<td>@Enforcement-Suspension</td>
							<td>1</td>
							<td>0</td>
							<td>0</td>
							<td>
									100%
							</td>
						</tr>
						<tr>
							<td>@Legal-Action</td>
							<td>1</td>
							<td>0</td>
							<td>0</td>
							<td>
									100%
							</td>
						</tr>
						<tr>
							<td>@Agent-Appointment-close</td>
							<td>1</td>
							<td>0</td>
							<td>0</td>
							<td>
									100%
							</td>
						</tr>
						<tr>
							<td>@Verification_of_debt</td>
							<td>1</td>
							<td>0</td>
							<td>0</td>
							<td>
									100%
							</td>
						</tr>
						<tr>
							<td>@SUC:08-01</td>
							<td>1</td>
							<td>0</td>
							<td>0</td>
							<td>
									100%
							</td>
						</tr>
						<tr>
							<td>@UAT_M8-08-01-01</td>
							<td>1</td>
							<td>0</td>
							<td>0</td>
							<td>
									100%
							</td>
						</tr>
						<tr>
							<td>@UAT_M8-08-01-02</td>
							<td>1</td>
							<td>0</td>
							<td>0</td>
							<td>
									100%
							</td>
						</tr>
					</table>
				</div>
			</div>
		</div>
	</div>
</div>
<!-- dashboard view -->
<!-- testrunner-logs view -->		</div>
		<!-- container -->
		<script>
			var statusGroup = {
                parentCount: 2,
				passParent: 1,
				failParent: 1,
				fatalParent: 0,
				errorParent: 0,
				warningParent: 0,
				skipParent: 0,
				exceptionsParent: 1,
				childCount: 8,
				passChild: 1,
				failChild: 7,
				fatalChild: 0,
				errorChild: 0,
				warningChild: 0,
				skipChild: 0,
				infoChild: 0,
				debugChild: 0,
				exceptionsChild: 7,
				grandChildCount: 131,
				passGrandChild: 68,
				failGrandChild: 7,
				fatalGrandChild: 0,
				errorGrandChild: 0,
				warningGrandChild: 0,
				skipGrandChild: 56,
				infoGrandChild: 0,
				debugGrandChild: 0,
				exceptionsGrandChild: 63,
			};
		</script>
		<script>
			var timeline = {
			        "[SUC:08-03]-Create Debt Management Case":76.204,"[SUC:08-02] Maintain Debt Management Case - Distraint Action":736.573
			};
		</script>
	
		  <script src='https://cdn.jsdelivr.net/gh/extent-framework/extent-github-cdn@ff53917fbbdb5ef820abbbe4d199a6942dc771ff/v3html/js/extent.js' type='text/javascript'></script>
		<script type='text/javascript'>
		</script>
	</body>
</html>